18-Jun-2019 14:14:15.612 INFO [main] org.apache.catalina.startup.VersionLoggerListener.log Server version:        Apache Tomcat/9.0.0.M20
18-Jun-2019 14:14:15.725 INFO [main] org.apache.catalina.startup.VersionLoggerListener.log Server built:          Apr 12 2017 19:27:10 UTC
18-Jun-2019 14:14:15.725 INFO [main] org.apache.catalina.startup.VersionLoggerListener.log Server number:         9.0.0.0
18-Jun-2019 14:14:15.725 INFO [main] org.apache.catalina.startup.VersionLoggerListener.log OS Name:               Linux
18-Jun-2019 14:14:15.725 INFO [main] org.apache.catalina.startup.VersionLoggerListener.log OS Version:            3.10.0-514.26.2.el7.x86_64
18-Jun-2019 14:14:15.725 INFO [main] org.apache.catalina.startup.VersionLoggerListener.log Architecture:          amd64
18-Jun-2019 14:14:15.725 INFO [main] org.apache.catalina.startup.VersionLoggerListener.log Java Home:             /usr/local/java/jre
18-Jun-2019 14:14:15.725 INFO [main] org.apache.catalina.startup.VersionLoggerListener.log JVM Version:           1.8.0_111-b14
18-Jun-2019 14:14:15.726 INFO [main] org.apache.catalina.startup.VersionLoggerListener.log JVM Vendor:            Oracle Corporation
18-Jun-2019 14:14:15.726 INFO [main] org.apache.catalina.startup.VersionLoggerListener.log CATALINA_BASE:         /opt/solrServer/tomcatSolr
18-Jun-2019 14:14:15.726 INFO [main] org.apache.catalina.startup.VersionLoggerListener.log CATALINA_HOME:         /opt/solrServer/tomcatSolr
18-Jun-2019 14:14:15.726 INFO [main] org.apache.catalina.startup.VersionLoggerListener.log Command line argument: -Djava.util.logging.config.file=/opt/solrServer/tomcatSolr/conf/logging.properties
18-Jun-2019 14:14:15.726 INFO [main] org.apache.catalina.startup.VersionLoggerListener.log Command line argument: -Djava.util.logging.manager=org.apache.juli.ClassLoaderLogManager
18-Jun-2019 14:14:15.726 INFO [main] org.apache.catalina.startup.VersionLoggerListener.log Command line argument: -Djdk.tls.ephemeralDHKeySize=2048
18-Jun-2019 14:14:15.726 INFO [main] org.apache.catalina.startup.VersionLoggerListener.log Command line argument: -Djava.protocol.handler.pkgs=org.apache.catalina.webresources
18-Jun-2019 14:14:15.726 INFO [main] org.apache.catalina.startup.VersionLoggerListener.log Command line argument: -Dcatalina.base=/opt/solrServer/tomcatSolr
18-Jun-2019 14:14:15.726 INFO [main] org.apache.catalina.startup.VersionLoggerListener.log Command line argument: -Dcatalina.home=/opt/solrServer/tomcatSolr
18-Jun-2019 14:14:15.727 INFO [main] org.apache.catalina.startup.VersionLoggerListener.log Command line argument: -Djava.io.tmpdir=/opt/solrServer/tomcatSolr/temp
18-Jun-2019 14:14:15.727 INFO [main] org.apache.catalina.core.AprLifecycleListener.lifecycleEvent The APR based Apache Tomcat Native library which allows optimal performance in production environments was not found on the java.library.path: [/usr/java/packages/lib/amd64:/usr/lib64:/lib64:/lib:/usr/lib]
18-Jun-2019 14:14:16.135 INFO [main] org.apache.coyote.AbstractProtocol.init Initializing ProtocolHandler ["http-nio-8014"]
18-Jun-2019 14:14:16.178 INFO [main] org.apache.tomcat.util.net.NioSelectorPool.getSharedSelector Using a shared selector for servlet write/read
18-Jun-2019 14:14:16.180 INFO [main] org.apache.coyote.AbstractProtocol.init Initializing ProtocolHandler ["ajp-nio-8029"]
18-Jun-2019 14:14:16.182 INFO [main] org.apache.tomcat.util.net.NioSelectorPool.getSharedSelector Using a shared selector for servlet write/read
18-Jun-2019 14:14:16.184 INFO [main] org.apache.catalina.startup.Catalina.load Initialization processed in 2303 ms
18-Jun-2019 14:14:16.217 INFO [main] org.apache.catalina.core.StandardService.startInternal Starting service [Catalina]
18-Jun-2019 14:14:16.217 INFO [main] org.apache.catalina.core.StandardEngine.startInternal Starting Servlet Engine: Apache Tomcat/9.0.0.M20
18-Jun-2019 14:14:16.242 INFO [main] org.apache.catalina.startup.HostConfig.deployDirectory Deploying web application directory [/opt/solrServer/tomcatSolr/webapps/docs]
18-Jun-2019 14:14:17.224 INFO [main] org.apache.catalina.startup.HostConfig.deployDirectory Deployment of web application directory [/opt/solrServer/tomcatSolr/webapps/docs] has finished in [981] ms
18-Jun-2019 14:14:17.224 INFO [main] org.apache.catalina.startup.HostConfig.deployDirectory Deploying web application directory [/opt/solrServer/tomcatSolr/webapps/manager]
18-Jun-2019 14:14:17.298 INFO [main] org.apache.catalina.startup.HostConfig.deployDirectory Deployment of web application directory [/opt/solrServer/tomcatSolr/webapps/manager] has finished in [74] ms
18-Jun-2019 14:14:17.298 INFO [main] org.apache.catalina.startup.HostConfig.deployDirectory Deploying web application directory [/opt/solrServer/tomcatSolr/webapps/host-manager]
18-Jun-2019 14:14:17.332 INFO [main] org.apache.catalina.startup.HostConfig.deployDirectory Deployment of web application directory [/opt/solrServer/tomcatSolr/webapps/host-manager] has finished in [34] ms
18-Jun-2019 14:14:17.332 INFO [main] org.apache.catalina.startup.HostConfig.deployDirectory Deploying web application directory [/opt/solrServer/tomcatSolr/webapps/solr]
18-Jun-2019 14:14:24.942 INFO [main] org.apache.jasper.servlet.TldScanner.scanJars At least one JAR was scanned for TLDs yet contained no TLDs. Enable debug logging for this logger for a complete list of JARs that were scanned but no TLDs were found in them. Skipping unneeded JARs during scanning can improve startup time and JSP compilation time.
18-Jun-2019 14:14:24.945 SEVERE [main] org.apache.catalina.core.StandardContext.startInternal One or more Filters failed to start. Full details will be found in the appropriate container log file
18-Jun-2019 14:14:24.946 SEVERE [main] org.apache.catalina.core.StandardContext.startInternal Context [/solr] startup failed due to previous errors
18-Jun-2019 14:14:25.100 INFO [main] org.apache.catalina.startup.HostConfig.deployDirectory Deployment of web application directory [/opt/solrServer/tomcatSolr/webapps/solr] has finished in [7,768] ms
18-Jun-2019 14:14:25.101 INFO [main] org.apache.catalina.startup.HostConfig.deployDirectory Deploying web application directory [/opt/solrServer/tomcatSolr/webapps/ROOT]
18-Jun-2019 14:14:25.128 INFO [main] org.apache.catalina.startup.HostConfig.deployDirectory Deployment of web application directory [/opt/solrServer/tomcatSolr/webapps/ROOT] has finished in [26] ms
18-Jun-2019 14:14:25.128 INFO [main] org.apache.catalina.startup.HostConfig.deployDirectory Deploying web application directory [/opt/solrServer/tomcatSolr/webapps/examples]
18-Jun-2019 14:14:25.771 INFO [main] org.apache.catalina.startup.HostConfig.deployDirectory Deployment of web application directory [/opt/solrServer/tomcatSolr/webapps/examples] has finished in [643] ms
18-Jun-2019 14:14:25.802 INFO [main] org.apache.coyote.AbstractProtocol.start Starting ProtocolHandler ["http-nio-8014"]
18-Jun-2019 14:14:25.885 INFO [main] org.apache.coyote.AbstractProtocol.start Starting ProtocolHandler ["ajp-nio-8029"]
18-Jun-2019 14:14:25.892 INFO [main] org.apache.catalina.startup.Catalina.start Server startup in 9707 ms
18-Jun-2019 14:20:20.262 INFO [Thread-5] org.apache.coyote.AbstractProtocol.pause Pausing ProtocolHandler ["http-nio-8014"]
18-Jun-2019 14:20:20.328 INFO [Thread-5] org.apache.coyote.AbstractProtocol.pause Pausing ProtocolHandler ["ajp-nio-8029"]
18-Jun-2019 14:20:20.379 INFO [Thread-5] org.apache.catalina.core.StandardService.stopInternal Stopping service [Catalina]
18-Jun-2019 14:20:20.425 INFO [Thread-5] org.apache.coyote.AbstractProtocol.stop Stopping ProtocolHandler ["http-nio-8014"]
18-Jun-2019 14:20:20.433 INFO [Thread-5] org.apache.coyote.AbstractProtocol.stop Stopping ProtocolHandler ["ajp-nio-8029"]
18-Jun-2019 14:20:20.434 INFO [Thread-5] org.apache.coyote.AbstractProtocol.destroy Destroying ProtocolHandler ["http-nio-8014"]
18-Jun-2019 14:20:20.435 INFO [Thread-5] org.apache.coyote.AbstractProtocol.destroy Destroying ProtocolHandler ["ajp-nio-8029"]
18-Jun-2019 14:21:04.498 INFO [main] org.apache.catalina.startup.VersionLoggerListener.log Server version:        Apache Tomcat/9.0.0.M20
18-Jun-2019 14:21:04.500 INFO [main] org.apache.catalina.startup.VersionLoggerListener.log Server built:          Apr 12 2017 19:27:10 UTC
18-Jun-2019 14:21:04.500 INFO [main] org.apache.catalina.startup.VersionLoggerListener.log Server number:         9.0.0.0
18-Jun-2019 14:21:04.500 INFO [main] org.apache.catalina.startup.VersionLoggerListener.log OS Name:               Linux
18-Jun-2019 14:21:04.500 INFO [main] org.apache.catalina.startup.VersionLoggerListener.log OS Version:            3.10.0-514.26.2.el7.x86_64
18-Jun-2019 14:21:04.500 INFO [main] org.apache.catalina.startup.VersionLoggerListener.log Architecture:          amd64
18-Jun-2019 14:21:04.500 INFO [main] org.apache.catalina.startup.VersionLoggerListener.log Java Home:             /usr/local/java/jre
18-Jun-2019 14:21:04.500 INFO [main] org.apache.catalina.startup.VersionLoggerListener.log JVM Version:           1.8.0_111-b14
18-Jun-2019 14:21:04.500 INFO [main] org.apache.catalina.startup.VersionLoggerListener.log JVM Vendor:            Oracle Corporation
18-Jun-2019 14:21:04.501 INFO [main] org.apache.catalina.startup.VersionLoggerListener.log CATALINA_BASE:         /opt/solrServer/tomcatSolr
18-Jun-2019 14:21:04.501 INFO [main] org.apache.catalina.startup.VersionLoggerListener.log CATALINA_HOME:         /opt/solrServer/tomcatSolr
18-Jun-2019 14:21:04.501 INFO [main] org.apache.catalina.startup.VersionLoggerListener.log Command line argument: -Djava.util.logging.config.file=/opt/solrServer/tomcatSolr/conf/logging.properties
18-Jun-2019 14:21:04.501 INFO [main] org.apache.catalina.startup.VersionLoggerListener.log Command line argument: -Djava.util.logging.manager=org.apache.juli.ClassLoaderLogManager
18-Jun-2019 14:21:04.501 INFO [main] org.apache.catalina.startup.VersionLoggerListener.log Command line argument: -Djdk.tls.ephemeralDHKeySize=2048
18-Jun-2019 14:21:04.501 INFO [main] org.apache.catalina.startup.VersionLoggerListener.log Command line argument: -Djava.protocol.handler.pkgs=org.apache.catalina.webresources
18-Jun-2019 14:21:04.544 INFO [main] org.apache.catalina.startup.VersionLoggerListener.log Command line argument: -Dcatalina.base=/opt/solrServer/tomcatSolr
18-Jun-2019 14:21:04.544 INFO [main] org.apache.catalina.startup.VersionLoggerListener.log Command line argument: -Dcatalina.home=/opt/solrServer/tomcatSolr
18-Jun-2019 14:21:04.544 INFO [main] org.apache.catalina.startup.VersionLoggerListener.log Command line argument: -Djava.io.tmpdir=/opt/solrServer/tomcatSolr/temp
18-Jun-2019 14:21:04.544 INFO [main] org.apache.catalina.core.AprLifecycleListener.lifecycleEvent The APR based Apache Tomcat Native library which allows optimal performance in production environments was not found on the java.library.path: [/usr/java/packages/lib/amd64:/usr/lib64:/lib64:/lib:/usr/lib]
18-Jun-2019 14:21:04.853 INFO [main] org.apache.coyote.AbstractProtocol.init Initializing ProtocolHandler ["http-nio-8014"]
18-Jun-2019 14:21:04.901 INFO [main] org.apache.tomcat.util.net.NioSelectorPool.getSharedSelector Using a shared selector for servlet write/read
18-Jun-2019 14:21:04.906 INFO [main] org.apache.coyote.AbstractProtocol.init Initializing ProtocolHandler ["ajp-nio-8029"]
18-Jun-2019 14:21:04.907 INFO [main] org.apache.tomcat.util.net.NioSelectorPool.getSharedSelector Using a shared selector for servlet write/read
18-Jun-2019 14:21:04.935 INFO [main] org.apache.catalina.startup.Catalina.load Initialization processed in 1313 ms
18-Jun-2019 14:21:04.969 INFO [main] org.apache.catalina.core.StandardService.startInternal Starting service [Catalina]
18-Jun-2019 14:21:04.969 INFO [main] org.apache.catalina.core.StandardEngine.startInternal Starting Servlet Engine: Apache Tomcat/9.0.0.M20
18-Jun-2019 14:21:04.976 INFO [main] org.apache.catalina.startup.HostConfig.deployDirectory Deploying web application directory [/opt/solrServer/tomcatSolr/webapps/docs]
18-Jun-2019 14:21:05.639 INFO [main] org.apache.catalina.startup.HostConfig.deployDirectory Deployment of web application directory [/opt/solrServer/tomcatSolr/webapps/docs] has finished in [664] ms
18-Jun-2019 14:21:05.640 INFO [main] org.apache.catalina.startup.HostConfig.deployDirectory Deploying web application directory [/opt/solrServer/tomcatSolr/webapps/manager]
18-Jun-2019 14:21:05.700 INFO [main] org.apache.catalina.startup.HostConfig.deployDirectory Deployment of web application directory [/opt/solrServer/tomcatSolr/webapps/manager] has finished in [60] ms
18-Jun-2019 14:21:05.700 INFO [main] org.apache.catalina.startup.HostConfig.deployDirectory Deploying web application directory [/opt/solrServer/tomcatSolr/webapps/host-manager]
18-Jun-2019 14:21:05.753 INFO [main] org.apache.catalina.startup.HostConfig.deployDirectory Deployment of web application directory [/opt/solrServer/tomcatSolr/webapps/host-manager] has finished in [53] ms
18-Jun-2019 14:21:05.754 INFO [main] org.apache.catalina.startup.HostConfig.deployDirectory Deploying web application directory [/opt/solrServer/tomcatSolr/webapps/solr]
18-Jun-2019 14:21:12.206 INFO [main] org.apache.jasper.servlet.TldScanner.scanJars At least one JAR was scanned for TLDs yet contained no TLDs. Enable debug logging for this logger for a complete list of JARs that were scanned but no TLDs were found in them. Skipping unneeded JARs during scanning can improve startup time and JSP compilation time.
18-Jun-2019 14:21:12.213 SEVERE [main] org.apache.catalina.core.StandardContext.startInternal One or more Filters failed to start. Full details will be found in the appropriate container log file
18-Jun-2019 14:21:12.213 SEVERE [main] org.apache.catalina.core.StandardContext.startInternal Context [/solr] startup failed due to previous errors
18-Jun-2019 14:21:12.241 INFO [main] org.apache.catalina.startup.HostConfig.deployDirectory Deployment of web application directory [/opt/solrServer/tomcatSolr/webapps/solr] has finished in [6,487] ms
18-Jun-2019 14:21:12.241 INFO [main] org.apache.catalina.startup.HostConfig.deployDirectory Deploying web application directory [/opt/solrServer/tomcatSolr/webapps/ROOT]
18-Jun-2019 14:21:12.255 INFO [main] org.apache.catalina.startup.HostConfig.deployDirectory Deployment of web application directory [/opt/solrServer/tomcatSolr/webapps/ROOT] has finished in [14] ms
18-Jun-2019 14:21:12.255 INFO [main] org.apache.catalina.startup.HostConfig.deployDirectory Deploying web application directory [/opt/solrServer/tomcatSolr/webapps/examples]
18-Jun-2019 14:21:12.608 INFO [main] org.apache.catalina.startup.HostConfig.deployDirectory Deployment of web application directory [/opt/solrServer/tomcatSolr/webapps/examples] has finished in [352] ms
18-Jun-2019 14:21:12.622 INFO [main] org.apache.coyote.AbstractProtocol.start Starting ProtocolHandler ["http-nio-8014"]
18-Jun-2019 14:21:12.730 INFO [main] org.apache.coyote.AbstractProtocol.start Starting ProtocolHandler ["ajp-nio-8029"]
18-Jun-2019 14:21:12.732 INFO [main] org.apache.catalina.startup.Catalina.start Server startup in 7797 ms
18-Jun-2019 14:28:24.629 INFO [Thread-5] org.apache.coyote.AbstractProtocol.pause Pausing ProtocolHandler ["http-nio-8014"]
18-Jun-2019 14:28:24.683 INFO [Thread-5] org.apache.coyote.AbstractProtocol.pause Pausing ProtocolHandler ["ajp-nio-8029"]
18-Jun-2019 14:28:24.734 INFO [Thread-5] org.apache.catalina.core.StandardService.stopInternal Stopping service [Catalina]
18-Jun-2019 14:28:24.783 INFO [Thread-5] org.apache.coyote.AbstractProtocol.stop Stopping ProtocolHandler ["http-nio-8014"]
18-Jun-2019 14:28:24.810 INFO [Thread-5] org.apache.coyote.AbstractProtocol.stop Stopping ProtocolHandler ["ajp-nio-8029"]
18-Jun-2019 14:28:24.812 INFO [Thread-5] org.apache.coyote.AbstractProtocol.destroy Destroying ProtocolHandler ["http-nio-8014"]
18-Jun-2019 14:28:24.813 INFO [Thread-5] org.apache.coyote.AbstractProtocol.destroy Destroying ProtocolHandler ["ajp-nio-8029"]
18-Jun-2019 14:28:35.968 INFO [main] org.apache.catalina.startup.VersionLoggerListener.log Server version:        Apache Tomcat/9.0.0.M20
18-Jun-2019 14:28:35.970 INFO [main] org.apache.catalina.startup.VersionLoggerListener.log Server built:          Apr 12 2017 19:27:10 UTC
18-Jun-2019 14:28:35.970 INFO [main] org.apache.catalina.startup.VersionLoggerListener.log Server number:         9.0.0.0
18-Jun-2019 14:28:35.971 INFO [main] org.apache.catalina.startup.VersionLoggerListener.log OS Name:               Linux
18-Jun-2019 14:28:35.971 INFO [main] org.apache.catalina.startup.VersionLoggerListener.log OS Version:            3.10.0-514.26.2.el7.x86_64
18-Jun-2019 14:28:35.971 INFO [main] org.apache.catalina.startup.VersionLoggerListener.log Architecture:          amd64
18-Jun-2019 14:28:35.981 INFO [main] org.apache.catalina.startup.VersionLoggerListener.log Java Home:             /usr/local/java/jre
18-Jun-2019 14:28:35.981 INFO [main] org.apache.catalina.startup.VersionLoggerListener.log JVM Version:           1.8.0_111-b14
18-Jun-2019 14:28:35.981 INFO [main] org.apache.catalina.startup.VersionLoggerListener.log JVM Vendor:            Oracle Corporation
18-Jun-2019 14:28:35.981 INFO [main] org.apache.catalina.startup.VersionLoggerListener.log CATALINA_BASE:         /opt/solrServer/tomcatSolr
18-Jun-2019 14:28:35.981 INFO [main] org.apache.catalina.startup.VersionLoggerListener.log CATALINA_HOME:         /opt/solrServer/tomcatSolr
18-Jun-2019 14:28:35.982 INFO [main] org.apache.catalina.startup.VersionLoggerListener.log Command line argument: -Djava.util.logging.config.file=/opt/solrServer/tomcatSolr/conf/logging.properties
18-Jun-2019 14:28:35.982 INFO [main] org.apache.catalina.startup.VersionLoggerListener.log Command line argument: -Djava.util.logging.manager=org.apache.juli.ClassLoaderLogManager
18-Jun-2019 14:28:35.982 INFO [main] org.apache.catalina.startup.VersionLoggerListener.log Command line argument: -Djdk.tls.ephemeralDHKeySize=2048
18-Jun-2019 14:28:35.982 INFO [main] org.apache.catalina.startup.VersionLoggerListener.log Command line argument: -Djava.protocol.handler.pkgs=org.apache.catalina.webresources
18-Jun-2019 14:28:35.982 INFO [main] org.apache.catalina.startup.VersionLoggerListener.log Command line argument: -Dcatalina.base=/opt/solrServer/tomcatSolr
18-Jun-2019 14:28:35.982 INFO [main] org.apache.catalina.startup.VersionLoggerListener.log Command line argument: -Dcatalina.home=/opt/solrServer/tomcatSolr
18-Jun-2019 14:28:35.982 INFO [main] org.apache.catalina.startup.VersionLoggerListener.log Command line argument: -Djava.io.tmpdir=/opt/solrServer/tomcatSolr/temp
18-Jun-2019 14:28:35.982 INFO [main] org.apache.catalina.core.AprLifecycleListener.lifecycleEvent The APR based Apache Tomcat Native library which allows optimal performance in production environments was not found on the java.library.path: [/usr/java/packages/lib/amd64:/usr/lib64:/lib64:/lib:/usr/lib]
18-Jun-2019 14:28:36.241 INFO [main] org.apache.coyote.AbstractProtocol.init Initializing ProtocolHandler ["http-nio-8014"]
18-Jun-2019 14:28:36.258 INFO [main] org.apache.tomcat.util.net.NioSelectorPool.getSharedSelector Using a shared selector for servlet write/read
18-Jun-2019 14:28:36.290 INFO [main] org.apache.coyote.AbstractProtocol.init Initializing ProtocolHandler ["ajp-nio-8029"]
18-Jun-2019 14:28:36.291 INFO [main] org.apache.tomcat.util.net.NioSelectorPool.getSharedSelector Using a shared selector for servlet write/read
18-Jun-2019 14:28:36.303 INFO [main] org.apache.catalina.startup.Catalina.load Initialization processed in 1190 ms
18-Jun-2019 14:28:36.331 INFO [main] org.apache.catalina.core.StandardService.startInternal Starting service [Catalina]
18-Jun-2019 14:28:36.331 INFO [main] org.apache.catalina.core.StandardEngine.startInternal Starting Servlet Engine: Apache Tomcat/9.0.0.M20
18-Jun-2019 14:28:36.337 INFO [main] org.apache.catalina.startup.HostConfig.deployDirectory Deploying web application directory [/opt/solrServer/tomcatSolr/webapps/docs]
18-Jun-2019 14:28:36.992 INFO [main] org.apache.catalina.startup.HostConfig.deployDirectory Deployment of web application directory [/opt/solrServer/tomcatSolr/webapps/docs] has finished in [654] ms
18-Jun-2019 14:28:37.005 INFO [main] org.apache.catalina.startup.HostConfig.deployDirectory Deploying web application directory [/opt/solrServer/tomcatSolr/webapps/manager]
18-Jun-2019 14:28:37.079 INFO [main] org.apache.catalina.startup.HostConfig.deployDirectory Deployment of web application directory [/opt/solrServer/tomcatSolr/webapps/manager] has finished in [74] ms
18-Jun-2019 14:28:37.079 INFO [main] org.apache.catalina.startup.HostConfig.deployDirectory Deploying web application directory [/opt/solrServer/tomcatSolr/webapps/host-manager]
18-Jun-2019 14:28:37.110 INFO [main] org.apache.catalina.startup.HostConfig.deployDirectory Deployment of web application directory [/opt/solrServer/tomcatSolr/webapps/host-manager] has finished in [31] ms
18-Jun-2019 14:28:37.110 INFO [main] org.apache.catalina.startup.HostConfig.deployDirectory Deploying web application directory [/opt/solrServer/tomcatSolr/webapps/solr]
18-Jun-2019 14:28:43.834 INFO [main] org.apache.jasper.servlet.TldScanner.scanJars At least one JAR was scanned for TLDs yet contained no TLDs. Enable debug logging for this logger for a complete list of JARs that were scanned but no TLDs were found in them. Skipping unneeded JARs during scanning can improve startup time and JSP compilation time.
18-Jun-2019 14:28:48.391 INFO [main] org.apache.catalina.startup.HostConfig.deployDirectory Deployment of web application directory [/opt/solrServer/tomcatSolr/webapps/solr] has finished in [11,280] ms
18-Jun-2019 14:28:48.391 INFO [main] org.apache.catalina.startup.HostConfig.deployDirectory Deploying web application directory [/opt/solrServer/tomcatSolr/webapps/ROOT]
18-Jun-2019 14:28:48.425 INFO [main] org.apache.catalina.startup.HostConfig.deployDirectory Deployment of web application directory [/opt/solrServer/tomcatSolr/webapps/ROOT] has finished in [34] ms
18-Jun-2019 14:28:48.425 INFO [main] org.apache.catalina.startup.HostConfig.deployDirectory Deploying web application directory [/opt/solrServer/tomcatSolr/webapps/examples]
18-Jun-2019 14:28:48.751 INFO [main] org.apache.catalina.startup.HostConfig.deployDirectory Deployment of web application directory [/opt/solrServer/tomcatSolr/webapps/examples] has finished in [325] ms
18-Jun-2019 14:28:48.776 INFO [main] org.apache.coyote.AbstractProtocol.start Starting ProtocolHandler ["http-nio-8014"]
18-Jun-2019 14:28:48.785 INFO [main] org.apache.coyote.AbstractProtocol.start Starting ProtocolHandler ["ajp-nio-8029"]
18-Jun-2019 14:28:48.788 INFO [main] org.apache.catalina.startup.Catalina.start Server startup in 12484 ms
18-Jun-2019 14:34:38.284 INFO [Thread-6] org.apache.coyote.AbstractProtocol.pause Pausing ProtocolHandler ["http-nio-8014"]
18-Jun-2019 14:34:38.338 INFO [Thread-6] org.apache.coyote.AbstractProtocol.pause Pausing ProtocolHandler ["ajp-nio-8029"]
18-Jun-2019 14:34:38.389 INFO [Thread-6] org.apache.catalina.core.StandardService.stopInternal Stopping service [Catalina]
18-Jun-2019 14:34:38.539 INFO [Thread-6] org.apache.coyote.AbstractProtocol.stop Stopping ProtocolHandler ["http-nio-8014"]
18-Jun-2019 14:34:38.540 INFO [Thread-6] org.apache.coyote.AbstractProtocol.stop Stopping ProtocolHandler ["ajp-nio-8029"]
18-Jun-2019 14:34:38.543 INFO [Thread-6] org.apache.coyote.AbstractProtocol.destroy Destroying ProtocolHandler ["http-nio-8014"]
18-Jun-2019 14:34:38.550 INFO [Thread-6] org.apache.coyote.AbstractProtocol.destroy Destroying ProtocolHandler ["ajp-nio-8029"]
18-Jun-2019 14:34:46.951 INFO [main] org.apache.catalina.startup.VersionLoggerListener.log Server version:        Apache Tomcat/9.0.0.M20
18-Jun-2019 14:34:46.978 INFO [main] org.apache.catalina.startup.VersionLoggerListener.log Server built:          Apr 12 2017 19:27:10 UTC
18-Jun-2019 14:34:46.978 INFO [main] org.apache.catalina.startup.VersionLoggerListener.log Server number:         9.0.0.0
18-Jun-2019 14:34:46.978 INFO [main] org.apache.catalina.startup.VersionLoggerListener.log OS Name:               Linux
18-Jun-2019 14:34:46.979 INFO [main] org.apache.catalina.startup.VersionLoggerListener.log OS Version:            3.10.0-514.26.2.el7.x86_64
18-Jun-2019 14:34:46.979 INFO [main] org.apache.catalina.startup.VersionLoggerListener.log Architecture:          amd64
18-Jun-2019 14:34:46.979 INFO [main] org.apache.catalina.startup.VersionLoggerListener.log Java Home:             /usr/local/java/jre
18-Jun-2019 14:34:46.979 INFO [main] org.apache.catalina.startup.VersionLoggerListener.log JVM Version:           1.8.0_111-b14
18-Jun-2019 14:34:46.979 INFO [main] org.apache.catalina.startup.VersionLoggerListener.log JVM Vendor:            Oracle Corporation
18-Jun-2019 14:34:46.979 INFO [main] org.apache.catalina.startup.VersionLoggerListener.log CATALINA_BASE:         /opt/solrServer/tomcatSolr
18-Jun-2019 14:34:46.979 INFO [main] org.apache.catalina.startup.VersionLoggerListener.log CATALINA_HOME:         /opt/solrServer/tomcatSolr
18-Jun-2019 14:34:46.979 INFO [main] org.apache.catalina.startup.VersionLoggerListener.log Command line argument: -Djava.util.logging.config.file=/opt/solrServer/tomcatSolr/conf/logging.properties
18-Jun-2019 14:34:46.979 INFO [main] org.apache.catalina.startup.VersionLoggerListener.log Command line argument: -Djava.util.logging.manager=org.apache.juli.ClassLoaderLogManager
18-Jun-2019 14:34:46.980 INFO [main] org.apache.catalina.startup.VersionLoggerListener.log Command line argument: -Djdk.tls.ephemeralDHKeySize=2048
18-Jun-2019 14:34:46.980 INFO [main] org.apache.catalina.startup.VersionLoggerListener.log Command line argument: -Djava.protocol.handler.pkgs=org.apache.catalina.webresources
18-Jun-2019 14:34:46.980 INFO [main] org.apache.catalina.startup.VersionLoggerListener.log Command line argument: -Dcatalina.base=/opt/solrServer/tomcatSolr
18-Jun-2019 14:34:46.980 INFO [main] org.apache.catalina.startup.VersionLoggerListener.log Command line argument: -Dcatalina.home=/opt/solrServer/tomcatSolr
18-Jun-2019 14:34:46.980 INFO [main] org.apache.catalina.startup.VersionLoggerListener.log Command line argument: -Djava.io.tmpdir=/opt/solrServer/tomcatSolr/temp
18-Jun-2019 14:34:46.980 INFO [main] org.apache.catalina.core.AprLifecycleListener.lifecycleEvent The APR based Apache Tomcat Native library which allows optimal performance in production environments was not found on the java.library.path: [/usr/java/packages/lib/amd64:/usr/lib64:/lib64:/lib:/usr/lib]
18-Jun-2019 14:34:47.268 INFO [main] org.apache.coyote.AbstractProtocol.init Initializing ProtocolHandler ["http-nio-8014"]
18-Jun-2019 14:34:47.285 INFO [main] org.apache.tomcat.util.net.NioSelectorPool.getSharedSelector Using a shared selector for servlet write/read
18-Jun-2019 14:34:47.298 INFO [main] org.apache.coyote.AbstractProtocol.init Initializing ProtocolHandler ["ajp-nio-8029"]
18-Jun-2019 14:34:47.299 INFO [main] org.apache.tomcat.util.net.NioSelectorPool.getSharedSelector Using a shared selector for servlet write/read
18-Jun-2019 14:34:47.310 INFO [main] org.apache.catalina.startup.Catalina.load Initialization processed in 1177 ms
18-Jun-2019 14:34:47.361 INFO [main] org.apache.catalina.core.StandardService.startInternal Starting service [Catalina]
18-Jun-2019 14:34:47.361 INFO [main] org.apache.catalina.core.StandardEngine.startInternal Starting Servlet Engine: Apache Tomcat/9.0.0.M20
18-Jun-2019 14:34:47.367 INFO [main] org.apache.catalina.startup.HostConfig.deployDirectory Deploying web application directory [/opt/solrServer/tomcatSolr/webapps/docs]
18-Jun-2019 14:34:47.985 INFO [main] org.apache.catalina.startup.HostConfig.deployDirectory Deployment of web application directory [/opt/solrServer/tomcatSolr/webapps/docs] has finished in [618] ms
18-Jun-2019 14:34:47.986 INFO [main] org.apache.catalina.startup.HostConfig.deployDirectory Deploying web application directory [/opt/solrServer/tomcatSolr/webapps/manager]
18-Jun-2019 14:34:48.058 INFO [main] org.apache.catalina.startup.HostConfig.deployDirectory Deployment of web application directory [/opt/solrServer/tomcatSolr/webapps/manager] has finished in [72] ms
18-Jun-2019 14:34:48.059 INFO [main] org.apache.catalina.startup.HostConfig.deployDirectory Deploying web application directory [/opt/solrServer/tomcatSolr/webapps/host-manager]
18-Jun-2019 14:34:48.095 INFO [main] org.apache.catalina.startup.HostConfig.deployDirectory Deployment of web application directory [/opt/solrServer/tomcatSolr/webapps/host-manager] has finished in [36] ms
18-Jun-2019 14:34:48.095 INFO [main] org.apache.catalina.startup.HostConfig.deployDirectory Deploying web application directory [/opt/solrServer/tomcatSolr/webapps/solr]
18-Jun-2019 14:34:54.221 INFO [main] org.apache.jasper.servlet.TldScanner.scanJars At least one JAR was scanned for TLDs yet contained no TLDs. Enable debug logging for this logger for a complete list of JARs that were scanned but no TLDs were found in them. Skipping unneeded JARs during scanning can improve startup time and JSP compilation time.
18-Jun-2019 14:34:59.350 INFO [main] org.apache.catalina.startup.HostConfig.deployDirectory Deployment of web application directory [/opt/solrServer/tomcatSolr/webapps/solr] has finished in [11,255] ms
18-Jun-2019 14:34:59.351 INFO [main] org.apache.catalina.startup.HostConfig.deployDirectory Deploying web application directory [/opt/solrServer/tomcatSolr/webapps/ROOT]
18-Jun-2019 14:34:59.361 INFO [main] org.apache.catalina.startup.HostConfig.deployDirectory Deployment of web application directory [/opt/solrServer/tomcatSolr/webapps/ROOT] has finished in [10] ms
18-Jun-2019 14:34:59.375 INFO [main] org.apache.catalina.startup.HostConfig.deployDirectory Deploying web application directory [/opt/solrServer/tomcatSolr/webapps/examples]
18-Jun-2019 14:34:59.668 INFO [main] org.apache.catalina.startup.HostConfig.deployDirectory Deployment of web application directory [/opt/solrServer/tomcatSolr/webapps/examples] has finished in [306] ms
18-Jun-2019 14:34:59.698 INFO [main] org.apache.coyote.AbstractProtocol.start Starting ProtocolHandler ["http-nio-8014"]
18-Jun-2019 14:34:59.836 INFO [main] org.apache.coyote.AbstractProtocol.start Starting ProtocolHandler ["ajp-nio-8029"]
18-Jun-2019 14:34:59.948 INFO [main] org.apache.catalina.startup.Catalina.start Server startup in 12637 ms
18-Jun-2019 16:33:14.232 INFO [Thread-6] org.apache.coyote.AbstractProtocol.pause Pausing ProtocolHandler ["http-nio-8014"]
18-Jun-2019 16:33:14.285 INFO [Thread-6] org.apache.coyote.AbstractProtocol.pause Pausing ProtocolHandler ["ajp-nio-8029"]
18-Jun-2019 16:33:14.336 INFO [Thread-6] org.apache.catalina.core.StandardService.stopInternal Stopping service [Catalina]
18-Jun-2019 16:33:14.521 INFO [Thread-6] org.apache.coyote.AbstractProtocol.stop Stopping ProtocolHandler ["http-nio-8014"]
18-Jun-2019 16:33:14.538 INFO [Thread-6] org.apache.coyote.AbstractProtocol.stop Stopping ProtocolHandler ["ajp-nio-8029"]
18-Jun-2019 16:33:14.546 INFO [Thread-6] org.apache.coyote.AbstractProtocol.destroy Destroying ProtocolHandler ["http-nio-8014"]
18-Jun-2019 16:33:14.547 INFO [Thread-6] org.apache.coyote.AbstractProtocol.destroy Destroying ProtocolHandler ["ajp-nio-8029"]
18-Jun-2019 16:33:30.881 INFO [main] org.apache.catalina.startup.VersionLoggerListener.log Server version:        Apache Tomcat/9.0.0.M20
18-Jun-2019 16:33:30.883 INFO [main] org.apache.catalina.startup.VersionLoggerListener.log Server built:          Apr 12 2017 19:27:10 UTC
18-Jun-2019 16:33:30.883 INFO [main] org.apache.catalina.startup.VersionLoggerListener.log Server number:         9.0.0.0
18-Jun-2019 16:33:30.883 INFO [main] org.apache.catalina.startup.VersionLoggerListener.log OS Name:               Linux
18-Jun-2019 16:33:30.884 INFO [main] org.apache.catalina.startup.VersionLoggerListener.log OS Version:            3.10.0-514.26.2.el7.x86_64
18-Jun-2019 16:33:30.884 INFO [main] org.apache.catalina.startup.VersionLoggerListener.log Architecture:          amd64
18-Jun-2019 16:33:30.884 INFO [main] org.apache.catalina.startup.VersionLoggerListener.log Java Home:             /usr/local/java/jre
18-Jun-2019 16:33:30.884 INFO [main] org.apache.catalina.startup.VersionLoggerListener.log JVM Version:           1.8.0_111-b14
18-Jun-2019 16:33:30.884 INFO [main] org.apache.catalina.startup.VersionLoggerListener.log JVM Vendor:            Oracle Corporation
18-Jun-2019 16:33:30.884 INFO [main] org.apache.catalina.startup.VersionLoggerListener.log CATALINA_BASE:         /opt/solrServer/tomcatSolr
18-Jun-2019 16:33:30.884 INFO [main] org.apache.catalina.startup.VersionLoggerListener.log CATALINA_HOME:         /opt/solrServer/tomcatSolr
18-Jun-2019 16:33:30.884 INFO [main] org.apache.catalina.startup.VersionLoggerListener.log Command line argument: -Djava.util.logging.config.file=/opt/solrServer/tomcatSolr/conf/logging.properties
18-Jun-2019 16:33:30.884 INFO [main] org.apache.catalina.startup.VersionLoggerListener.log Command line argument: -Djava.util.logging.manager=org.apache.juli.ClassLoaderLogManager
18-Jun-2019 16:33:30.885 INFO [main] org.apache.catalina.startup.VersionLoggerListener.log Command line argument: -Djdk.tls.ephemeralDHKeySize=2048
18-Jun-2019 16:33:30.885 INFO [main] org.apache.catalina.startup.VersionLoggerListener.log Command line argument: -Djava.protocol.handler.pkgs=org.apache.catalina.webresources
18-Jun-2019 16:33:30.885 INFO [main] org.apache.catalina.startup.VersionLoggerListener.log Command line argument: -Dcatalina.base=/opt/solrServer/tomcatSolr
18-Jun-2019 16:33:30.885 INFO [main] org.apache.catalina.startup.VersionLoggerListener.log Command line argument: -Dcatalina.home=/opt/solrServer/tomcatSolr
18-Jun-2019 16:33:30.885 INFO [main] org.apache.catalina.startup.VersionLoggerListener.log Command line argument: -Djava.io.tmpdir=/opt/solrServer/tomcatSolr/temp
18-Jun-2019 16:33:30.885 INFO [main] org.apache.catalina.core.AprLifecycleListener.lifecycleEvent The APR based Apache Tomcat Native library which allows optimal performance in production environments was not found on the java.library.path: [/usr/java/packages/lib/amd64:/usr/lib64:/lib64:/lib:/usr/lib]
18-Jun-2019 16:33:31.225 INFO [main] org.apache.coyote.AbstractProtocol.init Initializing ProtocolHandler ["http-nio-8014"]
18-Jun-2019 16:33:31.264 INFO [main] org.apache.tomcat.util.net.NioSelectorPool.getSharedSelector Using a shared selector for servlet write/read
18-Jun-2019 16:33:31.268 INFO [main] org.apache.coyote.AbstractProtocol.init Initializing ProtocolHandler ["ajp-nio-8029"]
18-Jun-2019 16:33:31.269 INFO [main] org.apache.tomcat.util.net.NioSelectorPool.getSharedSelector Using a shared selector for servlet write/read
18-Jun-2019 16:33:31.289 INFO [main] org.apache.catalina.startup.Catalina.load Initialization processed in 1248 ms
18-Jun-2019 16:33:31.320 INFO [main] org.apache.catalina.core.StandardService.startInternal Starting service [Catalina]
18-Jun-2019 16:33:31.320 INFO [main] org.apache.catalina.core.StandardEngine.startInternal Starting Servlet Engine: Apache Tomcat/9.0.0.M20
18-Jun-2019 16:33:31.326 INFO [main] org.apache.catalina.startup.HostConfig.deployDirectory Deploying web application directory [/opt/solrServer/tomcatSolr/webapps/docs]
18-Jun-2019 16:33:31.950 INFO [main] org.apache.catalina.startup.HostConfig.deployDirectory Deployment of web application directory [/opt/solrServer/tomcatSolr/webapps/docs] has finished in [623] ms
18-Jun-2019 16:33:31.950 INFO [main] org.apache.catalina.startup.HostConfig.deployDirectory Deploying web application directory [/opt/solrServer/tomcatSolr/webapps/manager]
18-Jun-2019 16:33:32.025 INFO [main] org.apache.catalina.startup.HostConfig.deployDirectory Deployment of web application directory [/opt/solrServer/tomcatSolr/webapps/manager] has finished in [75] ms
18-Jun-2019 16:33:32.026 INFO [main] org.apache.catalina.startup.HostConfig.deployDirectory Deploying web application directory [/opt/solrServer/tomcatSolr/webapps/host-manager]
18-Jun-2019 16:33:32.072 INFO [main] org.apache.catalina.startup.HostConfig.deployDirectory Deployment of web application directory [/opt/solrServer/tomcatSolr/webapps/host-manager] has finished in [45] ms
18-Jun-2019 16:33:32.072 INFO [main] org.apache.catalina.startup.HostConfig.deployDirectory Deploying web application directory [/opt/solrServer/tomcatSolr/webapps/solr]
18-Jun-2019 16:33:37.889 INFO [main] org.apache.jasper.servlet.TldScanner.scanJars At least one JAR was scanned for TLDs yet contained no TLDs. Enable debug logging for this logger for a complete list of JARs that were scanned but no TLDs were found in them. Skipping unneeded JARs during scanning can improve startup time and JSP compilation time.
18-Jun-2019 16:33:42.413 INFO [main] org.apache.catalina.startup.HostConfig.deployDirectory Deployment of web application directory [/opt/solrServer/tomcatSolr/webapps/solr] has finished in [10,341] ms
18-Jun-2019 16:33:42.437 INFO [main] org.apache.catalina.startup.HostConfig.deployDirectory Deploying web application directory [/opt/solrServer/tomcatSolr/webapps/ROOT]
18-Jun-2019 16:33:42.458 INFO [main] org.apache.catalina.startup.HostConfig.deployDirectory Deployment of web application directory [/opt/solrServer/tomcatSolr/webapps/ROOT] has finished in [21] ms
18-Jun-2019 16:33:42.458 INFO [main] org.apache.catalina.startup.HostConfig.deployDirectory Deploying web application directory [/opt/solrServer/tomcatSolr/webapps/examples]
18-Jun-2019 16:33:42.846 INFO [main] org.apache.catalina.startup.HostConfig.deployDirectory Deployment of web application directory [/opt/solrServer/tomcatSolr/webapps/examples] has finished in [388] ms
18-Jun-2019 16:33:42.892 INFO [main] org.apache.coyote.AbstractProtocol.start Starting ProtocolHandler ["http-nio-8014"]
18-Jun-2019 16:33:42.900 INFO [main] org.apache.coyote.AbstractProtocol.start Starting ProtocolHandler ["ajp-nio-8029"]
18-Jun-2019 16:33:42.965 INFO [main] org.apache.catalina.startup.Catalina.start Server startup in 11676 ms
18-Jun-2019 16:34:52.895 INFO [Thread-6] org.apache.coyote.AbstractProtocol.pause Pausing ProtocolHandler ["http-nio-8014"]
18-Jun-2019 16:34:52.949 INFO [Thread-6] org.apache.coyote.AbstractProtocol.pause Pausing ProtocolHandler ["ajp-nio-8029"]
18-Jun-2019 16:34:52.999 INFO [Thread-6] org.apache.catalina.core.StandardService.stopInternal Stopping service [Catalina]
18-Jun-2019 16:34:53.206 INFO [Thread-6] org.apache.coyote.AbstractProtocol.stop Stopping ProtocolHandler ["http-nio-8014"]
18-Jun-2019 16:34:53.208 INFO [Thread-6] org.apache.coyote.AbstractProtocol.stop Stopping ProtocolHandler ["ajp-nio-8029"]
18-Jun-2019 16:34:53.209 INFO [Thread-6] org.apache.coyote.AbstractProtocol.destroy Destroying ProtocolHandler ["http-nio-8014"]
18-Jun-2019 16:34:53.210 INFO [Thread-6] org.apache.coyote.AbstractProtocol.destroy Destroying ProtocolHandler ["ajp-nio-8029"]
18-Jun-2019 16:49:18.285 INFO [main] org.apache.catalina.startup.VersionLoggerListener.log Server version:        Apache Tomcat/9.0.0.M20
18-Jun-2019 16:49:18.286 INFO [main] org.apache.catalina.startup.VersionLoggerListener.log Server built:          Apr 12 2017 19:27:10 UTC
18-Jun-2019 16:49:18.287 INFO [main] org.apache.catalina.startup.VersionLoggerListener.log Server number:         9.0.0.0
18-Jun-2019 16:49:18.287 INFO [main] org.apache.catalina.startup.VersionLoggerListener.log OS Name:               Linux
18-Jun-2019 16:49:18.287 INFO [main] org.apache.catalina.startup.VersionLoggerListener.log OS Version:            3.10.0-514.26.2.el7.x86_64
18-Jun-2019 16:49:18.287 INFO [main] org.apache.catalina.startup.VersionLoggerListener.log Architecture:          amd64
18-Jun-2019 16:49:18.287 INFO [main] org.apache.catalina.startup.VersionLoggerListener.log Java Home:             /usr/local/java/jre
18-Jun-2019 16:49:18.287 INFO [main] org.apache.catalina.startup.VersionLoggerListener.log JVM Version:           1.8.0_111-b14
18-Jun-2019 16:49:18.287 INFO [main] org.apache.catalina.startup.VersionLoggerListener.log JVM Vendor:            Oracle Corporation
18-Jun-2019 16:49:18.287 INFO [main] org.apache.catalina.startup.VersionLoggerListener.log CATALINA_BASE:         /opt/solrServer/tomcatSolr
18-Jun-2019 16:49:18.287 INFO [main] org.apache.catalina.startup.VersionLoggerListener.log CATALINA_HOME:         /opt/solrServer/tomcatSolr
18-Jun-2019 16:49:18.288 INFO [main] org.apache.catalina.startup.VersionLoggerListener.log Command line argument: -Djava.util.logging.config.file=/opt/solrServer/tomcatSolr/conf/logging.properties
18-Jun-2019 16:49:18.288 INFO [main] org.apache.catalina.startup.VersionLoggerListener.log Command line argument: -Djava.util.logging.manager=org.apache.juli.ClassLoaderLogManager
18-Jun-2019 16:49:18.288 INFO [main] org.apache.catalina.startup.VersionLoggerListener.log Command line argument: -Djdk.tls.ephemeralDHKeySize=2048
18-Jun-2019 16:49:18.288 INFO [main] org.apache.catalina.startup.VersionLoggerListener.log Command line argument: -Djava.protocol.handler.pkgs=org.apache.catalina.webresources
18-Jun-2019 16:49:18.288 INFO [main] org.apache.catalina.startup.VersionLoggerListener.log Command line argument: -Dcatalina.base=/opt/solrServer/tomcatSolr
18-Jun-2019 16:49:18.288 INFO [main] org.apache.catalina.startup.VersionLoggerListener.log Command line argument: -Dcatalina.home=/opt/solrServer/tomcatSolr
18-Jun-2019 16:49:18.288 INFO [main] org.apache.catalina.startup.VersionLoggerListener.log Command line argument: -Djava.io.tmpdir=/opt/solrServer/tomcatSolr/temp
18-Jun-2019 16:49:18.288 INFO [main] org.apache.catalina.core.AprLifecycleListener.lifecycleEvent The APR based Apache Tomcat Native library which allows optimal performance in production environments was not found on the java.library.path: [/usr/java/packages/lib/amd64:/usr/lib64:/lib64:/lib:/usr/lib]
18-Jun-2019 16:49:18.594 INFO [main] org.apache.coyote.AbstractProtocol.init Initializing ProtocolHandler ["http-nio-8014"]
18-Jun-2019 16:49:18.615 INFO [main] org.apache.tomcat.util.net.NioSelectorPool.getSharedSelector Using a shared selector for servlet write/read
18-Jun-2019 16:49:18.647 INFO [main] org.apache.coyote.AbstractProtocol.init Initializing ProtocolHandler ["ajp-nio-8029"]
18-Jun-2019 16:49:18.649 INFO [main] org.apache.tomcat.util.net.NioSelectorPool.getSharedSelector Using a shared selector for servlet write/read
18-Jun-2019 16:49:18.661 INFO [main] org.apache.catalina.startup.Catalina.load Initialization processed in 1294 ms
18-Jun-2019 16:49:18.700 INFO [main] org.apache.catalina.core.StandardService.startInternal Starting service [Catalina]
18-Jun-2019 16:49:18.700 INFO [main] org.apache.catalina.core.StandardEngine.startInternal Starting Servlet Engine: Apache Tomcat/9.0.0.M20
18-Jun-2019 16:49:18.719 INFO [main] org.apache.catalina.startup.HostConfig.deployDirectory Deploying web application directory [/opt/solrServer/tomcatSolr/webapps/docs]
18-Jun-2019 16:49:19.374 INFO [main] org.apache.catalina.startup.HostConfig.deployDirectory Deployment of web application directory [/opt/solrServer/tomcatSolr/webapps/docs] has finished in [655] ms
18-Jun-2019 16:49:19.377 INFO [main] org.apache.catalina.startup.HostConfig.deployDirectory Deploying web application directory [/opt/solrServer/tomcatSolr/webapps/manager]
18-Jun-2019 16:49:19.458 INFO [main] org.apache.catalina.startup.HostConfig.deployDirectory Deployment of web application directory [/opt/solrServer/tomcatSolr/webapps/manager] has finished in [81] ms
18-Jun-2019 16:49:19.479 INFO [main] org.apache.catalina.startup.HostConfig.deployDirectory Deploying web application directory [/opt/solrServer/tomcatSolr/webapps/host-manager]
18-Jun-2019 16:49:19.500 INFO [main] org.apache.catalina.startup.HostConfig.deployDirectory Deployment of web application directory [/opt/solrServer/tomcatSolr/webapps/host-manager] has finished in [42] ms
18-Jun-2019 16:49:19.500 INFO [main] org.apache.catalina.startup.HostConfig.deployDirectory Deploying web application directory [/opt/solrServer/tomcatSolr/webapps/solr]
18-Jun-2019 16:49:25.413 INFO [main] org.apache.jasper.servlet.TldScanner.scanJars At least one JAR was scanned for TLDs yet contained no TLDs. Enable debug logging for this logger for a complete list of JARs that were scanned but no TLDs were found in them. Skipping unneeded JARs during scanning can improve startup time and JSP compilation time.
18-Jun-2019 16:49:29.452 INFO [main] org.apache.catalina.startup.HostConfig.deployDirectory Deployment of web application directory [/opt/solrServer/tomcatSolr/webapps/solr] has finished in [9,952] ms
18-Jun-2019 16:49:29.452 INFO [main] org.apache.catalina.startup.HostConfig.deployDirectory Deploying web application directory [/opt/solrServer/tomcatSolr/webapps/ROOT]
18-Jun-2019 16:49:29.462 INFO [main] org.apache.catalina.startup.HostConfig.deployDirectory Deployment of web application directory [/opt/solrServer/tomcatSolr/webapps/ROOT] has finished in [10] ms
18-Jun-2019 16:49:29.462 INFO [main] org.apache.catalina.startup.HostConfig.deployDirectory Deploying web application directory [/opt/solrServer/tomcatSolr/webapps/examples]
18-Jun-2019 16:49:29.967 INFO [main] org.apache.catalina.startup.HostConfig.deployDirectory Deployment of web application directory [/opt/solrServer/tomcatSolr/webapps/examples] has finished in [505] ms
18-Jun-2019 16:49:30.003 INFO [main] org.apache.coyote.AbstractProtocol.start Starting ProtocolHandler ["http-nio-8014"]
18-Jun-2019 16:49:30.134 INFO [main] org.apache.coyote.AbstractProtocol.start Starting ProtocolHandler ["ajp-nio-8029"]
18-Jun-2019 16:49:30.137 INFO [main] org.apache.catalina.startup.Catalina.start Server startup in 11476 ms
18-Jun-2019 16:55:04.165 INFO [Thread-6] org.apache.coyote.AbstractProtocol.pause Pausing ProtocolHandler ["http-nio-8014"]
18-Jun-2019 16:55:04.219 INFO [Thread-6] org.apache.coyote.AbstractProtocol.pause Pausing ProtocolHandler ["ajp-nio-8029"]
18-Jun-2019 16:55:04.270 INFO [Thread-6] org.apache.catalina.core.StandardService.stopInternal Stopping service [Catalina]
18-Jun-2019 16:55:04.395 INFO [Thread-6] org.apache.coyote.AbstractProtocol.stop Stopping ProtocolHandler ["http-nio-8014"]
18-Jun-2019 16:55:04.407 INFO [Thread-6] org.apache.coyote.AbstractProtocol.stop Stopping ProtocolHandler ["ajp-nio-8029"]
18-Jun-2019 16:55:04.409 INFO [Thread-6] org.apache.coyote.AbstractProtocol.destroy Destroying ProtocolHandler ["http-nio-8014"]
18-Jun-2019 16:55:04.410 INFO [Thread-6] org.apache.coyote.AbstractProtocol.destroy Destroying ProtocolHandler ["ajp-nio-8029"]
18-Jun-2019 16:55:10.998 INFO [main] org.apache.catalina.startup.VersionLoggerListener.log Server version:        Apache Tomcat/9.0.0.M20
18-Jun-2019 16:55:11.000 INFO [main] org.apache.catalina.startup.VersionLoggerListener.log Server built:          Apr 12 2017 19:27:10 UTC
18-Jun-2019 16:55:11.000 INFO [main] org.apache.catalina.startup.VersionLoggerListener.log Server number:         9.0.0.0
18-Jun-2019 16:55:11.001 INFO [main] org.apache.catalina.startup.VersionLoggerListener.log OS Name:               Linux
18-Jun-2019 16:55:11.001 INFO [main] org.apache.catalina.startup.VersionLoggerListener.log OS Version:            3.10.0-514.26.2.el7.x86_64
18-Jun-2019 16:55:11.006 INFO [main] org.apache.catalina.startup.VersionLoggerListener.log Architecture:          amd64
18-Jun-2019 16:55:11.006 INFO [main] org.apache.catalina.startup.VersionLoggerListener.log Java Home:             /usr/local/java/jre
18-Jun-2019 16:55:11.006 INFO [main] org.apache.catalina.startup.VersionLoggerListener.log JVM Version:           1.8.0_111-b14
18-Jun-2019 16:55:11.006 INFO [main] org.apache.catalina.startup.VersionLoggerListener.log JVM Vendor:            Oracle Corporation
18-Jun-2019 16:55:11.006 INFO [main] org.apache.catalina.startup.VersionLoggerListener.log CATALINA_BASE:         /opt/solrServer/tomcatSolr
18-Jun-2019 16:55:11.006 INFO [main] org.apache.catalina.startup.VersionLoggerListener.log CATALINA_HOME:         /opt/solrServer/tomcatSolr
18-Jun-2019 16:55:11.006 INFO [main] org.apache.catalina.startup.VersionLoggerListener.log Command line argument: -Djava.util.logging.config.file=/opt/solrServer/tomcatSolr/conf/logging.properties
18-Jun-2019 16:55:11.007 INFO [main] org.apache.catalina.startup.VersionLoggerListener.log Command line argument: -Djava.util.logging.manager=org.apache.juli.ClassLoaderLogManager
18-Jun-2019 16:55:11.007 INFO [main] org.apache.catalina.startup.VersionLoggerListener.log Command line argument: -Djdk.tls.ephemeralDHKeySize=2048
18-Jun-2019 16:55:11.007 INFO [main] org.apache.catalina.startup.VersionLoggerListener.log Command line argument: -Djava.protocol.handler.pkgs=org.apache.catalina.webresources
18-Jun-2019 16:55:11.007 INFO [main] org.apache.catalina.startup.VersionLoggerListener.log Command line argument: -Dcatalina.base=/opt/solrServer/tomcatSolr
18-Jun-2019 16:55:11.007 INFO [main] org.apache.catalina.startup.VersionLoggerListener.log Command line argument: -Dcatalina.home=/opt/solrServer/tomcatSolr
18-Jun-2019 16:55:11.007 INFO [main] org.apache.catalina.startup.VersionLoggerListener.log Command line argument: -Djava.io.tmpdir=/opt/solrServer/tomcatSolr/temp
18-Jun-2019 16:55:11.007 INFO [main] org.apache.catalina.core.AprLifecycleListener.lifecycleEvent The APR based Apache Tomcat Native library which allows optimal performance in production environments was not found on the java.library.path: [/usr/java/packages/lib/amd64:/usr/lib64:/lib64:/lib:/usr/lib]
18-Jun-2019 16:55:11.316 INFO [main] org.apache.coyote.AbstractProtocol.init Initializing ProtocolHandler ["http-nio-8014"]
18-Jun-2019 16:55:11.376 INFO [main] org.apache.tomcat.util.net.NioSelectorPool.getSharedSelector Using a shared selector for servlet write/read
18-Jun-2019 16:55:11.379 INFO [main] org.apache.coyote.AbstractProtocol.init Initializing ProtocolHandler ["ajp-nio-8029"]
18-Jun-2019 16:55:11.380 INFO [main] org.apache.tomcat.util.net.NioSelectorPool.getSharedSelector Using a shared selector for servlet write/read
18-Jun-2019 16:55:11.392 INFO [main] org.apache.catalina.startup.Catalina.load Initialization processed in 1276 ms
18-Jun-2019 16:55:11.436 INFO [main] org.apache.catalina.core.StandardService.startInternal Starting service [Catalina]
18-Jun-2019 16:55:11.436 INFO [main] org.apache.catalina.core.StandardEngine.startInternal Starting Servlet Engine: Apache Tomcat/9.0.0.M20
18-Jun-2019 16:55:11.462 INFO [main] org.apache.catalina.startup.HostConfig.deployDirectory Deploying web application directory [/opt/solrServer/tomcatSolr/webapps/docs]
18-Jun-2019 16:55:12.088 INFO [main] org.apache.catalina.startup.HostConfig.deployDirectory Deployment of web application directory [/opt/solrServer/tomcatSolr/webapps/docs] has finished in [626] ms
18-Jun-2019 16:55:12.089 INFO [main] org.apache.catalina.startup.HostConfig.deployDirectory Deploying web application directory [/opt/solrServer/tomcatSolr/webapps/manager]
18-Jun-2019 16:55:12.134 INFO [main] org.apache.catalina.startup.HostConfig.deployDirectory Deployment of web application directory [/opt/solrServer/tomcatSolr/webapps/manager] has finished in [44] ms
18-Jun-2019 16:55:12.134 INFO [main] org.apache.catalina.startup.HostConfig.deployDirectory Deploying web application directory [/opt/solrServer/tomcatSolr/webapps/host-manager]
18-Jun-2019 16:55:12.187 INFO [main] org.apache.catalina.startup.HostConfig.deployDirectory Deployment of web application directory [/opt/solrServer/tomcatSolr/webapps/host-manager] has finished in [53] ms
18-Jun-2019 16:55:12.187 INFO [main] org.apache.catalina.startup.HostConfig.deployDirectory Deploying web application directory [/opt/solrServer/tomcatSolr/webapps/solr]
18-Jun-2019 16:55:18.055 INFO [main] org.apache.jasper.servlet.TldScanner.scanJars At least one JAR was scanned for TLDs yet contained no TLDs. Enable debug logging for this logger for a complete list of JARs that were scanned but no TLDs were found in them. Skipping unneeded JARs during scanning can improve startup time and JSP compilation time.
18-Jun-2019 16:55:21.665 INFO [main] org.apache.catalina.startup.HostConfig.deployDirectory Deployment of web application directory [/opt/solrServer/tomcatSolr/webapps/solr] has finished in [9,478] ms
18-Jun-2019 16:55:21.694 INFO [main] org.apache.catalina.startup.HostConfig.deployDirectory Deploying web application directory [/opt/solrServer/tomcatSolr/webapps/ROOT]
18-Jun-2019 16:55:21.705 INFO [main] org.apache.catalina.startup.HostConfig.deployDirectory Deployment of web application directory [/opt/solrServer/tomcatSolr/webapps/ROOT] has finished in [11] ms
18-Jun-2019 16:55:21.705 INFO [main] org.apache.catalina.startup.HostConfig.deployDirectory Deploying web application directory [/opt/solrServer/tomcatSolr/webapps/examples]
18-Jun-2019 16:55:22.223 INFO [main] org.apache.catalina.startup.HostConfig.deployDirectory Deployment of web application directory [/opt/solrServer/tomcatSolr/webapps/examples] has finished in [517] ms
18-Jun-2019 16:55:22.247 INFO [main] org.apache.coyote.AbstractProtocol.start Starting ProtocolHandler ["http-nio-8014"]
18-Jun-2019 16:55:22.289 INFO [main] org.apache.coyote.AbstractProtocol.start Starting ProtocolHandler ["ajp-nio-8029"]
18-Jun-2019 16:55:22.292 INFO [main] org.apache.catalina.startup.Catalina.start Server startup in 10898 ms
18-Jun-2019 17:06:41.645 INFO [Thread-6] org.apache.coyote.AbstractProtocol.pause Pausing ProtocolHandler ["http-nio-8014"]
18-Jun-2019 17:06:41.697 INFO [Thread-6] org.apache.coyote.AbstractProtocol.pause Pausing ProtocolHandler ["ajp-nio-8029"]
18-Jun-2019 17:06:41.748 INFO [Thread-6] org.apache.catalina.core.StandardService.stopInternal Stopping service [Catalina]
18-Jun-2019 17:06:41.962 INFO [Thread-6] org.apache.coyote.AbstractProtocol.stop Stopping ProtocolHandler ["http-nio-8014"]
18-Jun-2019 17:06:41.964 INFO [Thread-6] org.apache.coyote.AbstractProtocol.stop Stopping ProtocolHandler ["ajp-nio-8029"]
18-Jun-2019 17:06:41.965 INFO [Thread-6] org.apache.coyote.AbstractProtocol.destroy Destroying ProtocolHandler ["http-nio-8014"]
18-Jun-2019 17:06:41.966 INFO [Thread-6] org.apache.coyote.AbstractProtocol.destroy Destroying ProtocolHandler ["ajp-nio-8029"]
18-Jun-2019 17:06:48.505 INFO [main] org.apache.catalina.startup.VersionLoggerListener.log Server version:        Apache Tomcat/9.0.0.M20
18-Jun-2019 17:06:48.509 INFO [main] org.apache.catalina.startup.VersionLoggerListener.log Server built:          Apr 12 2017 19:27:10 UTC
18-Jun-2019 17:06:48.509 INFO [main] org.apache.catalina.startup.VersionLoggerListener.log Server number:         9.0.0.0
18-Jun-2019 17:06:48.509 INFO [main] org.apache.catalina.startup.VersionLoggerListener.log OS Name:               Linux
18-Jun-2019 17:06:48.509 INFO [main] org.apache.catalina.startup.VersionLoggerListener.log OS Version:            3.10.0-514.26.2.el7.x86_64
18-Jun-2019 17:06:48.509 INFO [main] org.apache.catalina.startup.VersionLoggerListener.log Architecture:          amd64
18-Jun-2019 17:06:48.510 INFO [main] org.apache.catalina.startup.VersionLoggerListener.log Java Home:             /usr/local/java/jre
18-Jun-2019 17:06:48.510 INFO [main] org.apache.catalina.startup.VersionLoggerListener.log JVM Version:           1.8.0_111-b14
18-Jun-2019 17:06:48.510 INFO [main] org.apache.catalina.startup.VersionLoggerListener.log JVM Vendor:            Oracle Corporation
18-Jun-2019 17:06:48.510 INFO [main] org.apache.catalina.startup.VersionLoggerListener.log CATALINA_BASE:         /opt/solrServer/tomcatSolr
18-Jun-2019 17:06:48.510 INFO [main] org.apache.catalina.startup.VersionLoggerListener.log CATALINA_HOME:         /opt/solrServer/tomcatSolr
18-Jun-2019 17:06:48.510 INFO [main] org.apache.catalina.startup.VersionLoggerListener.log Command line argument: -Djava.util.logging.config.file=/opt/solrServer/tomcatSolr/conf/logging.properties
18-Jun-2019 17:06:48.510 INFO [main] org.apache.catalina.startup.VersionLoggerListener.log Command line argument: -Djava.util.logging.manager=org.apache.juli.ClassLoaderLogManager
18-Jun-2019 17:06:48.510 INFO [main] org.apache.catalina.startup.VersionLoggerListener.log Command line argument: -Djdk.tls.ephemeralDHKeySize=2048
18-Jun-2019 17:06:48.510 INFO [main] org.apache.catalina.startup.VersionLoggerListener.log Command line argument: -Djava.protocol.handler.pkgs=org.apache.catalina.webresources
18-Jun-2019 17:06:48.511 INFO [main] org.apache.catalina.startup.VersionLoggerListener.log Command line argument: -Dcatalina.base=/opt/solrServer/tomcatSolr
18-Jun-2019 17:06:48.511 INFO [main] org.apache.catalina.startup.VersionLoggerListener.log Command line argument: -Dcatalina.home=/opt/solrServer/tomcatSolr
18-Jun-2019 17:06:48.511 INFO [main] org.apache.catalina.startup.VersionLoggerListener.log Command line argument: -Djava.io.tmpdir=/opt/solrServer/tomcatSolr/temp
18-Jun-2019 17:06:48.511 INFO [main] org.apache.catalina.core.AprLifecycleListener.lifecycleEvent The APR based Apache Tomcat Native library which allows optimal performance in production environments was not found on the java.library.path: [/usr/java/packages/lib/amd64:/usr/lib64:/lib64:/lib:/usr/lib]
18-Jun-2019 17:06:48.795 INFO [main] org.apache.coyote.AbstractProtocol.init Initializing ProtocolHandler ["http-nio-8014"]
18-Jun-2019 17:06:48.846 INFO [main] org.apache.tomcat.util.net.NioSelectorPool.getSharedSelector Using a shared selector for servlet write/read
18-Jun-2019 17:06:48.849 INFO [main] org.apache.coyote.AbstractProtocol.init Initializing ProtocolHandler ["ajp-nio-8029"]
18-Jun-2019 17:06:48.850 INFO [main] org.apache.tomcat.util.net.NioSelectorPool.getSharedSelector Using a shared selector for servlet write/read
18-Jun-2019 17:06:48.882 INFO [main] org.apache.catalina.startup.Catalina.load Initialization processed in 1330 ms
18-Jun-2019 17:06:48.914 INFO [main] org.apache.catalina.core.StandardService.startInternal Starting service [Catalina]
18-Jun-2019 17:06:48.914 INFO [main] org.apache.catalina.core.StandardEngine.startInternal Starting Servlet Engine: Apache Tomcat/9.0.0.M20
18-Jun-2019 17:06:48.921 INFO [main] org.apache.catalina.startup.HostConfig.deployDirectory Deploying web application directory [/opt/solrServer/tomcatSolr/webapps/docs]
18-Jun-2019 17:06:49.568 INFO [main] org.apache.catalina.startup.HostConfig.deployDirectory Deployment of web application directory [/opt/solrServer/tomcatSolr/webapps/docs] has finished in [646] ms
18-Jun-2019 17:06:49.568 INFO [main] org.apache.catalina.startup.HostConfig.deployDirectory Deploying web application directory [/opt/solrServer/tomcatSolr/webapps/manager]
18-Jun-2019 17:06:49.627 INFO [main] org.apache.catalina.startup.HostConfig.deployDirectory Deployment of web application directory [/opt/solrServer/tomcatSolr/webapps/manager] has finished in [58] ms
18-Jun-2019 17:06:49.627 INFO [main] org.apache.catalina.startup.HostConfig.deployDirectory Deploying web application directory [/opt/solrServer/tomcatSolr/webapps/host-manager]
18-Jun-2019 17:06:49.679 INFO [main] org.apache.catalina.startup.HostConfig.deployDirectory Deployment of web application directory [/opt/solrServer/tomcatSolr/webapps/host-manager] has finished in [52] ms
18-Jun-2019 17:06:49.680 INFO [main] org.apache.catalina.startup.HostConfig.deployDirectory Deploying web application directory [/opt/solrServer/tomcatSolr/webapps/solr]
18-Jun-2019 17:06:55.315 INFO [main] org.apache.jasper.servlet.TldScanner.scanJars At least one JAR was scanned for TLDs yet contained no TLDs. Enable debug logging for this logger for a complete list of JARs that were scanned but no TLDs were found in them. Skipping unneeded JARs during scanning can improve startup time and JSP compilation time.
18-Jun-2019 17:06:58.464 INFO [main] org.apache.catalina.startup.HostConfig.deployDirectory Deployment of web application directory [/opt/solrServer/tomcatSolr/webapps/solr] has finished in [8,785] ms
18-Jun-2019 17:06:58.464 INFO [main] org.apache.catalina.startup.HostConfig.deployDirectory Deploying web application directory [/opt/solrServer/tomcatSolr/webapps/ROOT]
18-Jun-2019 17:06:58.513 INFO [main] org.apache.catalina.startup.HostConfig.deployDirectory Deployment of web application directory [/opt/solrServer/tomcatSolr/webapps/ROOT] has finished in [49] ms
18-Jun-2019 17:06:58.513 INFO [main] org.apache.catalina.startup.HostConfig.deployDirectory Deploying web application directory [/opt/solrServer/tomcatSolr/webapps/examples]
18-Jun-2019 17:06:58.954 INFO [main] org.apache.catalina.startup.HostConfig.deployDirectory Deployment of web application directory [/opt/solrServer/tomcatSolr/webapps/examples] has finished in [441] ms
18-Jun-2019 17:06:58.979 INFO [main] org.apache.coyote.AbstractProtocol.start Starting ProtocolHandler ["http-nio-8014"]
18-Jun-2019 17:06:58.991 INFO [main] org.apache.coyote.AbstractProtocol.start Starting ProtocolHandler ["ajp-nio-8029"]
18-Jun-2019 17:06:59.111 INFO [main] org.apache.catalina.startup.Catalina.start Server startup in 10228 ms
