19-Jun-2019 11:09:35.425 INFO [Thread-6] org.apache.coyote.AbstractProtocol.pause Pausing ProtocolHandler ["http-nio-8014"]
19-Jun-2019 11:09:35.481 INFO [Thread-6] org.apache.coyote.AbstractProtocol.pause Pausing ProtocolHandler ["ajp-nio-8029"]
19-Jun-2019 11:09:35.532 INFO [Thread-6] org.apache.catalina.core.StandardService.stopInternal Stopping service [Catalina]
19-Jun-2019 11:09:35.870 INFO [Thread-6] org.apache.coyote.AbstractProtocol.stop Stopping ProtocolHandler ["http-nio-8014"]
19-Jun-2019 11:09:35.886 INFO [Thread-6] org.apache.coyote.AbstractProtocol.stop Stopping ProtocolHandler ["ajp-nio-8029"]
19-Jun-2019 11:09:35.888 INFO [Thread-6] org.apache.coyote.AbstractProtocol.destroy Destroying ProtocolHandler ["http-nio-8014"]
19-Jun-2019 11:09:35.889 INFO [Thread-6] org.apache.coyote.AbstractProtocol.destroy Destroying ProtocolHandler ["ajp-nio-8029"]
19-Jun-2019 11:09:54.275 INFO [main] org.apache.catalina.startup.VersionLoggerListener.log Server version:        Apache Tomcat/9.0.0.M20
19-Jun-2019 11:09:54.349 INFO [main] org.apache.catalina.startup.VersionLoggerListener.log Server built:          Apr 12 2017 19:27:10 UTC
19-Jun-2019 11:09:54.349 INFO [main] org.apache.catalina.startup.VersionLoggerListener.log Server number:         9.0.0.0
19-Jun-2019 11:09:54.349 INFO [main] org.apache.catalina.startup.VersionLoggerListener.log OS Name:               Linux
19-Jun-2019 11:09:54.349 INFO [main] org.apache.catalina.startup.VersionLoggerListener.log OS Version:            3.10.0-514.26.2.el7.x86_64
19-Jun-2019 11:09:54.349 INFO [main] org.apache.catalina.startup.VersionLoggerListener.log Architecture:          amd64
19-Jun-2019 11:09:54.349 INFO [main] org.apache.catalina.startup.VersionLoggerListener.log Java Home:             /usr/local/java/jre
19-Jun-2019 11:09:54.350 INFO [main] org.apache.catalina.startup.VersionLoggerListener.log JVM Version:           1.8.0_111-b14
19-Jun-2019 11:09:54.350 INFO [main] org.apache.catalina.startup.VersionLoggerListener.log JVM Vendor:            Oracle Corporation
19-Jun-2019 11:09:54.350 INFO [main] org.apache.catalina.startup.VersionLoggerListener.log CATALINA_BASE:         /opt/solrServer/tomcatSolr
19-Jun-2019 11:09:54.350 INFO [main] org.apache.catalina.startup.VersionLoggerListener.log CATALINA_HOME:         /opt/solrServer/tomcatSolr
19-Jun-2019 11:09:54.350 INFO [main] org.apache.catalina.startup.VersionLoggerListener.log Command line argument: -Djava.util.logging.config.file=/opt/solrServer/tomcatSolr/conf/logging.properties
19-Jun-2019 11:09:54.350 INFO [main] org.apache.catalina.startup.VersionLoggerListener.log Command line argument: -Djava.util.logging.manager=org.apache.juli.ClassLoaderLogManager
19-Jun-2019 11:09:54.350 INFO [main] org.apache.catalina.startup.VersionLoggerListener.log Command line argument: -Djdk.tls.ephemeralDHKeySize=2048
19-Jun-2019 11:09:54.350 INFO [main] org.apache.catalina.startup.VersionLoggerListener.log Command line argument: -Djava.protocol.handler.pkgs=org.apache.catalina.webresources
19-Jun-2019 11:09:54.350 INFO [main] org.apache.catalina.startup.VersionLoggerListener.log Command line argument: -Dcatalina.base=/opt/solrServer/tomcatSolr
19-Jun-2019 11:09:54.351 INFO [main] org.apache.catalina.startup.VersionLoggerListener.log Command line argument: -Dcatalina.home=/opt/solrServer/tomcatSolr
19-Jun-2019 11:09:54.351 INFO [main] org.apache.catalina.startup.VersionLoggerListener.log Command line argument: -Djava.io.tmpdir=/opt/solrServer/tomcatSolr/temp
19-Jun-2019 11:09:54.351 INFO [main] org.apache.catalina.core.AprLifecycleListener.lifecycleEvent The APR based Apache Tomcat Native library which allows optimal performance in production environments was not found on the java.library.path: [/usr/java/packages/lib/amd64:/usr/lib64:/lib64:/lib:/usr/lib]
19-Jun-2019 11:09:55.038 INFO [main] org.apache.coyote.AbstractProtocol.init Initializing ProtocolHandler ["http-nio-8014"]
19-Jun-2019 11:09:55.087 INFO [main] org.apache.tomcat.util.net.NioSelectorPool.getSharedSelector Using a shared selector for servlet write/read
19-Jun-2019 11:09:55.090 INFO [main] org.apache.coyote.AbstractProtocol.init Initializing ProtocolHandler ["ajp-nio-8029"]
19-Jun-2019 11:09:55.092 INFO [main] org.apache.tomcat.util.net.NioSelectorPool.getSharedSelector Using a shared selector for servlet write/read
19-Jun-2019 11:09:55.111 INFO [main] org.apache.catalina.startup.Catalina.load Initialization processed in 1789 ms
19-Jun-2019 11:09:55.160 INFO [main] org.apache.catalina.core.StandardService.startInternal Starting service [Catalina]
19-Jun-2019 11:09:55.160 INFO [main] org.apache.catalina.core.StandardEngine.startInternal Starting Servlet Engine: Apache Tomcat/9.0.0.M20
19-Jun-2019 11:09:55.167 INFO [main] org.apache.catalina.startup.HostConfig.deployDirectory Deploying web application directory [/opt/solrServer/tomcatSolr/webapps/docs]
19-Jun-2019 11:09:55.783 INFO [main] org.apache.catalina.startup.HostConfig.deployDirectory Deployment of web application directory [/opt/solrServer/tomcatSolr/webapps/docs] has finished in [615] ms
19-Jun-2019 11:09:55.783 INFO [main] org.apache.catalina.startup.HostConfig.deployDirectory Deploying web application directory [/opt/solrServer/tomcatSolr/webapps/manager]
19-Jun-2019 11:09:55.891 INFO [main] org.apache.catalina.startup.HostConfig.deployDirectory Deployment of web application directory [/opt/solrServer/tomcatSolr/webapps/manager] has finished in [108] ms
19-Jun-2019 11:09:55.892 INFO [main] org.apache.catalina.startup.HostConfig.deployDirectory Deploying web application directory [/opt/solrServer/tomcatSolr/webapps/host-manager]
19-Jun-2019 11:09:55.953 INFO [main] org.apache.catalina.startup.HostConfig.deployDirectory Deployment of web application directory [/opt/solrServer/tomcatSolr/webapps/host-manager] has finished in [61] ms
19-Jun-2019 11:09:55.954 INFO [main] org.apache.catalina.startup.HostConfig.deployDirectory Deploying web application directory [/opt/solrServer/tomcatSolr/webapps/solr]
19-Jun-2019 11:10:06.605 INFO [main] org.apache.jasper.servlet.TldScanner.scanJars At least one JAR was scanned for TLDs yet contained no TLDs. Enable debug logging for this logger for a complete list of JARs that were scanned but no TLDs were found in them. Skipping unneeded JARs during scanning can improve startup time and JSP compilation time.
19-Jun-2019 11:10:09.849 INFO [main] org.apache.catalina.startup.HostConfig.deployDirectory Deployment of web application directory [/opt/solrServer/tomcatSolr/webapps/solr] has finished in [13,894] ms
19-Jun-2019 11:10:09.849 INFO [main] org.apache.catalina.startup.HostConfig.deployDirectory Deploying web application directory [/opt/solrServer/tomcatSolr/webapps/ROOT]
19-Jun-2019 11:10:09.924 INFO [main] org.apache.catalina.startup.HostConfig.deployDirectory Deployment of web application directory [/opt/solrServer/tomcatSolr/webapps/ROOT] has finished in [75] ms
19-Jun-2019 11:10:09.925 INFO [main] org.apache.catalina.startup.HostConfig.deployDirectory Deploying web application directory [/opt/solrServer/tomcatSolr/webapps/examples]
19-Jun-2019 11:10:10.351 INFO [main] org.apache.catalina.startup.HostConfig.deployDirectory Deployment of web application directory [/opt/solrServer/tomcatSolr/webapps/examples] has finished in [425] ms
19-Jun-2019 11:10:10.391 INFO [main] org.apache.coyote.AbstractProtocol.start Starting ProtocolHandler ["http-nio-8014"]
19-Jun-2019 11:10:10.500 INFO [main] org.apache.coyote.AbstractProtocol.start Starting ProtocolHandler ["ajp-nio-8029"]
19-Jun-2019 11:10:10.502 INFO [main] org.apache.catalina.startup.Catalina.start Server startup in 15390 ms
19-Jun-2019 11:15:04.895 INFO [Thread-6] org.apache.coyote.AbstractProtocol.pause Pausing ProtocolHandler ["http-nio-8014"]
19-Jun-2019 11:15:04.948 INFO [Thread-6] org.apache.coyote.AbstractProtocol.pause Pausing ProtocolHandler ["ajp-nio-8029"]
19-Jun-2019 11:15:04.998 INFO [Thread-6] org.apache.catalina.core.StandardService.stopInternal Stopping service [Catalina]
19-Jun-2019 11:15:05.136 INFO [Thread-6] org.apache.coyote.AbstractProtocol.stop Stopping ProtocolHandler ["http-nio-8014"]
19-Jun-2019 11:15:05.145 INFO [Thread-6] org.apache.coyote.AbstractProtocol.stop Stopping ProtocolHandler ["ajp-nio-8029"]
19-Jun-2019 11:15:05.146 INFO [Thread-6] org.apache.coyote.AbstractProtocol.destroy Destroying ProtocolHandler ["http-nio-8014"]
19-Jun-2019 11:15:05.147 INFO [Thread-6] org.apache.coyote.AbstractProtocol.destroy Destroying ProtocolHandler ["ajp-nio-8029"]
19-Jun-2019 11:15:09.473 INFO [main] org.apache.catalina.startup.VersionLoggerListener.log Server version:        Apache Tomcat/9.0.0.M20
19-Jun-2019 11:15:09.475 INFO [main] org.apache.catalina.startup.VersionLoggerListener.log Server built:          Apr 12 2017 19:27:10 UTC
19-Jun-2019 11:15:09.475 INFO [main] org.apache.catalina.startup.VersionLoggerListener.log Server number:         9.0.0.0
19-Jun-2019 11:15:09.476 INFO [main] org.apache.catalina.startup.VersionLoggerListener.log OS Name:               Linux
19-Jun-2019 11:15:09.476 INFO [main] org.apache.catalina.startup.VersionLoggerListener.log OS Version:            3.10.0-514.26.2.el7.x86_64
19-Jun-2019 11:15:09.476 INFO [main] org.apache.catalina.startup.VersionLoggerListener.log Architecture:          amd64
19-Jun-2019 11:15:09.476 INFO [main] org.apache.catalina.startup.VersionLoggerListener.log Java Home:             /usr/local/java/jre
19-Jun-2019 11:15:09.476 INFO [main] org.apache.catalina.startup.VersionLoggerListener.log JVM Version:           1.8.0_111-b14
19-Jun-2019 11:15:09.476 INFO [main] org.apache.catalina.startup.VersionLoggerListener.log JVM Vendor:            Oracle Corporation
19-Jun-2019 11:15:09.476 INFO [main] org.apache.catalina.startup.VersionLoggerListener.log CATALINA_BASE:         /opt/solrServer/tomcatSolr
19-Jun-2019 11:15:09.476 INFO [main] org.apache.catalina.startup.VersionLoggerListener.log CATALINA_HOME:         /opt/solrServer/tomcatSolr
19-Jun-2019 11:15:09.477 INFO [main] org.apache.catalina.startup.VersionLoggerListener.log Command line argument: -Djava.util.logging.config.file=/opt/solrServer/tomcatSolr/conf/logging.properties
19-Jun-2019 11:15:09.477 INFO [main] org.apache.catalina.startup.VersionLoggerListener.log Command line argument: -Djava.util.logging.manager=org.apache.juli.ClassLoaderLogManager
19-Jun-2019 11:15:09.477 INFO [main] org.apache.catalina.startup.VersionLoggerListener.log Command line argument: -Djdk.tls.ephemeralDHKeySize=2048
19-Jun-2019 11:15:09.477 INFO [main] org.apache.catalina.startup.VersionLoggerListener.log Command line argument: -Djava.protocol.handler.pkgs=org.apache.catalina.webresources
19-Jun-2019 11:15:09.477 INFO [main] org.apache.catalina.startup.VersionLoggerListener.log Command line argument: -Dcatalina.base=/opt/solrServer/tomcatSolr
19-Jun-2019 11:15:09.477 INFO [main] org.apache.catalina.startup.VersionLoggerListener.log Command line argument: -Dcatalina.home=/opt/solrServer/tomcatSolr
19-Jun-2019 11:15:09.477 INFO [main] org.apache.catalina.startup.VersionLoggerListener.log Command line argument: -Djava.io.tmpdir=/opt/solrServer/tomcatSolr/temp
19-Jun-2019 11:15:09.477 INFO [main] org.apache.catalina.core.AprLifecycleListener.lifecycleEvent The APR based Apache Tomcat Native library which allows optimal performance in production environments was not found on the java.library.path: [/usr/java/packages/lib/amd64:/usr/lib64:/lib64:/lib:/usr/lib]
19-Jun-2019 11:15:09.815 INFO [main] org.apache.coyote.AbstractProtocol.init Initializing ProtocolHandler ["http-nio-8014"]
19-Jun-2019 11:15:09.843 INFO [main] org.apache.tomcat.util.net.NioSelectorPool.getSharedSelector Using a shared selector for servlet write/read
19-Jun-2019 11:15:09.857 INFO [main] org.apache.coyote.AbstractProtocol.init Initializing ProtocolHandler ["ajp-nio-8029"]
19-Jun-2019 11:15:09.858 INFO [main] org.apache.tomcat.util.net.NioSelectorPool.getSharedSelector Using a shared selector for servlet write/read
19-Jun-2019 11:15:09.871 INFO [main] org.apache.catalina.startup.Catalina.load Initialization processed in 1251 ms
19-Jun-2019 11:15:09.919 INFO [main] org.apache.catalina.core.StandardService.startInternal Starting service [Catalina]
19-Jun-2019 11:15:09.919 INFO [main] org.apache.catalina.core.StandardEngine.startInternal Starting Servlet Engine: Apache Tomcat/9.0.0.M20
19-Jun-2019 11:15:09.928 INFO [main] org.apache.catalina.startup.HostConfig.deployDirectory Deploying web application directory [/opt/solrServer/tomcatSolr/webapps/docs]
19-Jun-2019 11:15:10.538 INFO [main] org.apache.catalina.startup.HostConfig.deployDirectory Deployment of web application directory [/opt/solrServer/tomcatSolr/webapps/docs] has finished in [585] ms
19-Jun-2019 11:15:10.538 INFO [main] org.apache.catalina.startup.HostConfig.deployDirectory Deploying web application directory [/opt/solrServer/tomcatSolr/webapps/manager]
19-Jun-2019 11:15:10.598 INFO [main] org.apache.catalina.startup.HostConfig.deployDirectory Deployment of web application directory [/opt/solrServer/tomcatSolr/webapps/manager] has finished in [60] ms
19-Jun-2019 11:15:10.598 INFO [main] org.apache.catalina.startup.HostConfig.deployDirectory Deploying web application directory [/opt/solrServer/tomcatSolr/webapps/host-manager]
19-Jun-2019 11:15:10.639 INFO [main] org.apache.catalina.startup.HostConfig.deployDirectory Deployment of web application directory [/opt/solrServer/tomcatSolr/webapps/host-manager] has finished in [41] ms
19-Jun-2019 11:15:10.639 INFO [main] org.apache.catalina.startup.HostConfig.deployDirectory Deploying web application directory [/opt/solrServer/tomcatSolr/webapps/solr]
19-Jun-2019 11:15:16.744 INFO [main] org.apache.jasper.servlet.TldScanner.scanJars At least one JAR was scanned for TLDs yet contained no TLDs. Enable debug logging for this logger for a complete list of JARs that were scanned but no TLDs were found in them. Skipping unneeded JARs during scanning can improve startup time and JSP compilation time.
19-Jun-2019 11:15:20.953 INFO [main] org.apache.catalina.startup.HostConfig.deployDirectory Deployment of web application directory [/opt/solrServer/tomcatSolr/webapps/solr] has finished in [10,314] ms
19-Jun-2019 11:15:20.954 INFO [main] org.apache.catalina.startup.HostConfig.deployDirectory Deploying web application directory [/opt/solrServer/tomcatSolr/webapps/ROOT]
19-Jun-2019 11:15:20.998 INFO [main] org.apache.catalina.startup.HostConfig.deployDirectory Deployment of web application directory [/opt/solrServer/tomcatSolr/webapps/ROOT] has finished in [44] ms
19-Jun-2019 11:15:20.998 INFO [main] org.apache.catalina.startup.HostConfig.deployDirectory Deploying web application directory [/opt/solrServer/tomcatSolr/webapps/examples]
19-Jun-2019 11:15:21.553 INFO [main] org.apache.catalina.startup.HostConfig.deployDirectory Deployment of web application directory [/opt/solrServer/tomcatSolr/webapps/examples] has finished in [555] ms
19-Jun-2019 11:15:21.635 INFO [main] org.apache.coyote.AbstractProtocol.start Starting ProtocolHandler ["http-nio-8014"]
19-Jun-2019 11:15:22.000 INFO [main] org.apache.coyote.AbstractProtocol.start Starting ProtocolHandler ["ajp-nio-8029"]
19-Jun-2019 11:15:22.066 INFO [main] org.apache.catalina.startup.Catalina.start Server startup in 12195 ms
19-Jun-2019 11:22:51.531 INFO [Thread-6] org.apache.coyote.AbstractProtocol.pause Pausing ProtocolHandler ["http-nio-8014"]
19-Jun-2019 11:22:51.584 INFO [Thread-6] org.apache.coyote.AbstractProtocol.pause Pausing ProtocolHandler ["ajp-nio-8029"]
19-Jun-2019 11:22:51.635 INFO [Thread-6] org.apache.catalina.core.StandardService.stopInternal Stopping service [Catalina]
19-Jun-2019 11:22:51.835 INFO [Thread-6] org.apache.coyote.AbstractProtocol.stop Stopping ProtocolHandler ["http-nio-8014"]
19-Jun-2019 11:22:51.847 INFO [Thread-6] org.apache.coyote.AbstractProtocol.stop Stopping ProtocolHandler ["ajp-nio-8029"]
19-Jun-2019 11:22:51.848 INFO [Thread-6] org.apache.coyote.AbstractProtocol.destroy Destroying ProtocolHandler ["http-nio-8014"]
19-Jun-2019 11:22:51.849 INFO [Thread-6] org.apache.coyote.AbstractProtocol.destroy Destroying ProtocolHandler ["ajp-nio-8029"]
19-Jun-2019 11:22:56.308 INFO [main] org.apache.catalina.startup.VersionLoggerListener.log Server version:        Apache Tomcat/9.0.0.M20
19-Jun-2019 11:22:56.310 INFO [main] org.apache.catalina.startup.VersionLoggerListener.log Server built:          Apr 12 2017 19:27:10 UTC
19-Jun-2019 11:22:56.310 INFO [main] org.apache.catalina.startup.VersionLoggerListener.log Server number:         9.0.0.0
19-Jun-2019 11:22:56.310 INFO [main] org.apache.catalina.startup.VersionLoggerListener.log OS Name:               Linux
19-Jun-2019 11:22:56.310 INFO [main] org.apache.catalina.startup.VersionLoggerListener.log OS Version:            3.10.0-514.26.2.el7.x86_64
19-Jun-2019 11:22:56.310 INFO [main] org.apache.catalina.startup.VersionLoggerListener.log Architecture:          amd64
19-Jun-2019 11:22:56.310 INFO [main] org.apache.catalina.startup.VersionLoggerListener.log Java Home:             /usr/local/java/jre
19-Jun-2019 11:22:56.310 INFO [main] org.apache.catalina.startup.VersionLoggerListener.log JVM Version:           1.8.0_111-b14
19-Jun-2019 11:22:56.310 INFO [main] org.apache.catalina.startup.VersionLoggerListener.log JVM Vendor:            Oracle Corporation
19-Jun-2019 11:22:56.311 INFO [main] org.apache.catalina.startup.VersionLoggerListener.log CATALINA_BASE:         /opt/solrServer/tomcatSolr
19-Jun-2019 11:22:56.311 INFO [main] org.apache.catalina.startup.VersionLoggerListener.log CATALINA_HOME:         /opt/solrServer/tomcatSolr
19-Jun-2019 11:22:56.311 INFO [main] org.apache.catalina.startup.VersionLoggerListener.log Command line argument: -Djava.util.logging.config.file=/opt/solrServer/tomcatSolr/conf/logging.properties
19-Jun-2019 11:22:56.311 INFO [main] org.apache.catalina.startup.VersionLoggerListener.log Command line argument: -Djava.util.logging.manager=org.apache.juli.ClassLoaderLogManager
19-Jun-2019 11:22:56.311 INFO [main] org.apache.catalina.startup.VersionLoggerListener.log Command line argument: -Djdk.tls.ephemeralDHKeySize=2048
19-Jun-2019 11:22:56.311 INFO [main] org.apache.catalina.startup.VersionLoggerListener.log Command line argument: -Djava.protocol.handler.pkgs=org.apache.catalina.webresources
19-Jun-2019 11:22:56.311 INFO [main] org.apache.catalina.startup.VersionLoggerListener.log Command line argument: -Dcatalina.base=/opt/solrServer/tomcatSolr
19-Jun-2019 11:22:56.311 INFO [main] org.apache.catalina.startup.VersionLoggerListener.log Command line argument: -Dcatalina.home=/opt/solrServer/tomcatSolr
19-Jun-2019 11:22:56.311 INFO [main] org.apache.catalina.startup.VersionLoggerListener.log Command line argument: -Djava.io.tmpdir=/opt/solrServer/tomcatSolr/temp
19-Jun-2019 11:22:56.311 INFO [main] org.apache.catalina.core.AprLifecycleListener.lifecycleEvent The APR based Apache Tomcat Native library which allows optimal performance in production environments was not found on the java.library.path: [/usr/java/packages/lib/amd64:/usr/lib64:/lib64:/lib:/usr/lib]
19-Jun-2019 11:22:56.651 INFO [main] org.apache.coyote.AbstractProtocol.init Initializing ProtocolHandler ["http-nio-8014"]
19-Jun-2019 11:22:56.686 INFO [main] org.apache.tomcat.util.net.NioSelectorPool.getSharedSelector Using a shared selector for servlet write/read
19-Jun-2019 11:22:56.706 INFO [main] org.apache.coyote.AbstractProtocol.init Initializing ProtocolHandler ["ajp-nio-8029"]
19-Jun-2019 11:22:56.707 INFO [main] org.apache.tomcat.util.net.NioSelectorPool.getSharedSelector Using a shared selector for servlet write/read
19-Jun-2019 11:22:56.709 INFO [main] org.apache.catalina.startup.Catalina.load Initialization processed in 1219 ms
19-Jun-2019 11:22:56.758 INFO [main] org.apache.catalina.core.StandardService.startInternal Starting service [Catalina]
19-Jun-2019 11:22:56.758 INFO [main] org.apache.catalina.core.StandardEngine.startInternal Starting Servlet Engine: Apache Tomcat/9.0.0.M20
19-Jun-2019 11:22:56.764 INFO [main] org.apache.catalina.startup.HostConfig.deployDirectory Deploying web application directory [/opt/solrServer/tomcatSolr/webapps/docs]
19-Jun-2019 11:22:57.511 INFO [main] org.apache.catalina.startup.HostConfig.deployDirectory Deployment of web application directory [/opt/solrServer/tomcatSolr/webapps/docs] has finished in [746] ms
19-Jun-2019 11:22:57.511 INFO [main] org.apache.catalina.startup.HostConfig.deployDirectory Deploying web application directory [/opt/solrServer/tomcatSolr/webapps/manager]
19-Jun-2019 11:22:57.559 INFO [main] org.apache.catalina.startup.HostConfig.deployDirectory Deployment of web application directory [/opt/solrServer/tomcatSolr/webapps/manager] has finished in [48] ms
19-Jun-2019 11:22:57.561 INFO [main] org.apache.catalina.startup.HostConfig.deployDirectory Deploying web application directory [/opt/solrServer/tomcatSolr/webapps/host-manager]
19-Jun-2019 11:22:57.620 INFO [main] org.apache.catalina.startup.HostConfig.deployDirectory Deployment of web application directory [/opt/solrServer/tomcatSolr/webapps/host-manager] has finished in [59] ms
19-Jun-2019 11:22:57.620 INFO [main] org.apache.catalina.startup.HostConfig.deployDirectory Deploying web application directory [/opt/solrServer/tomcatSolr/webapps/solr]
19-Jun-2019 11:23:03.303 INFO [main] org.apache.jasper.servlet.TldScanner.scanJars At least one JAR was scanned for TLDs yet contained no TLDs. Enable debug logging for this logger for a complete list of JARs that were scanned but no TLDs were found in them. Skipping unneeded JARs during scanning can improve startup time and JSP compilation time.
19-Jun-2019 11:23:06.045 INFO [main] org.apache.catalina.startup.HostConfig.deployDirectory Deployment of web application directory [/opt/solrServer/tomcatSolr/webapps/solr] has finished in [8,425] ms
19-Jun-2019 11:23:06.046 INFO [main] org.apache.catalina.startup.HostConfig.deployDirectory Deploying web application directory [/opt/solrServer/tomcatSolr/webapps/ROOT]
19-Jun-2019 11:23:06.096 INFO [main] org.apache.catalina.startup.HostConfig.deployDirectory Deployment of web application directory [/opt/solrServer/tomcatSolr/webapps/ROOT] has finished in [50] ms
19-Jun-2019 11:23:06.096 INFO [main] org.apache.catalina.startup.HostConfig.deployDirectory Deploying web application directory [/opt/solrServer/tomcatSolr/webapps/examples]
19-Jun-2019 11:23:06.556 INFO [main] org.apache.catalina.startup.HostConfig.deployDirectory Deployment of web application directory [/opt/solrServer/tomcatSolr/webapps/examples] has finished in [460] ms
19-Jun-2019 11:23:06.590 INFO [main] org.apache.coyote.AbstractProtocol.start Starting ProtocolHandler ["http-nio-8014"]
19-Jun-2019 11:23:06.641 INFO [main] org.apache.coyote.AbstractProtocol.start Starting ProtocolHandler ["ajp-nio-8029"]
19-Jun-2019 11:23:06.643 INFO [main] org.apache.catalina.startup.Catalina.start Server startup in 9934 ms
19-Jun-2019 11:30:15.969 INFO [Thread-6] org.apache.coyote.AbstractProtocol.pause Pausing ProtocolHandler ["http-nio-8014"]
19-Jun-2019 11:30:16.022 INFO [Thread-6] org.apache.coyote.AbstractProtocol.pause Pausing ProtocolHandler ["ajp-nio-8029"]
19-Jun-2019 11:30:16.072 INFO [Thread-6] org.apache.catalina.core.StandardService.stopInternal Stopping service [Catalina]
19-Jun-2019 11:30:16.241 INFO [Thread-6] org.apache.coyote.AbstractProtocol.stop Stopping ProtocolHandler ["http-nio-8014"]
19-Jun-2019 11:30:16.250 INFO [Thread-6] org.apache.coyote.AbstractProtocol.stop Stopping ProtocolHandler ["ajp-nio-8029"]
19-Jun-2019 11:30:16.252 INFO [Thread-6] org.apache.coyote.AbstractProtocol.destroy Destroying ProtocolHandler ["http-nio-8014"]
19-Jun-2019 11:30:16.253 INFO [Thread-6] org.apache.coyote.AbstractProtocol.destroy Destroying ProtocolHandler ["ajp-nio-8029"]
19-Jun-2019 11:30:19.853 INFO [main] org.apache.catalina.startup.VersionLoggerListener.log Server version:        Apache Tomcat/9.0.0.M20
19-Jun-2019 11:30:19.856 INFO [main] org.apache.catalina.startup.VersionLoggerListener.log Server built:          Apr 12 2017 19:27:10 UTC
19-Jun-2019 11:30:19.856 INFO [main] org.apache.catalina.startup.VersionLoggerListener.log Server number:         9.0.0.0
19-Jun-2019 11:30:19.856 INFO [main] org.apache.catalina.startup.VersionLoggerListener.log OS Name:               Linux
19-Jun-2019 11:30:19.856 INFO [main] org.apache.catalina.startup.VersionLoggerListener.log OS Version:            3.10.0-514.26.2.el7.x86_64
19-Jun-2019 11:30:19.856 INFO [main] org.apache.catalina.startup.VersionLoggerListener.log Architecture:          amd64
19-Jun-2019 11:30:19.857 INFO [main] org.apache.catalina.startup.VersionLoggerListener.log Java Home:             /usr/local/java/jre
19-Jun-2019 11:30:19.857 INFO [main] org.apache.catalina.startup.VersionLoggerListener.log JVM Version:           1.8.0_111-b14
19-Jun-2019 11:30:19.857 INFO [main] org.apache.catalina.startup.VersionLoggerListener.log JVM Vendor:            Oracle Corporation
19-Jun-2019 11:30:19.858 INFO [main] org.apache.catalina.startup.VersionLoggerListener.log CATALINA_BASE:         /opt/solrServer/tomcatSolr
19-Jun-2019 11:30:19.858 INFO [main] org.apache.catalina.startup.VersionLoggerListener.log CATALINA_HOME:         /opt/solrServer/tomcatSolr
19-Jun-2019 11:30:19.858 INFO [main] org.apache.catalina.startup.VersionLoggerListener.log Command line argument: -Djava.util.logging.config.file=/opt/solrServer/tomcatSolr/conf/logging.properties
19-Jun-2019 11:30:19.858 INFO [main] org.apache.catalina.startup.VersionLoggerListener.log Command line argument: -Djava.util.logging.manager=org.apache.juli.ClassLoaderLogManager
19-Jun-2019 11:30:19.859 INFO [main] org.apache.catalina.startup.VersionLoggerListener.log Command line argument: -Djdk.tls.ephemeralDHKeySize=2048
19-Jun-2019 11:30:19.859 INFO [main] org.apache.catalina.startup.VersionLoggerListener.log Command line argument: -Djava.protocol.handler.pkgs=org.apache.catalina.webresources
19-Jun-2019 11:30:19.859 INFO [main] org.apache.catalina.startup.VersionLoggerListener.log Command line argument: -Dcatalina.base=/opt/solrServer/tomcatSolr
19-Jun-2019 11:30:19.859 INFO [main] org.apache.catalina.startup.VersionLoggerListener.log Command line argument: -Dcatalina.home=/opt/solrServer/tomcatSolr
19-Jun-2019 11:30:19.859 INFO [main] org.apache.catalina.startup.VersionLoggerListener.log Command line argument: -Djava.io.tmpdir=/opt/solrServer/tomcatSolr/temp
19-Jun-2019 11:30:19.860 INFO [main] org.apache.catalina.core.AprLifecycleListener.lifecycleEvent The APR based Apache Tomcat Native library which allows optimal performance in production environments was not found on the java.library.path: [/usr/java/packages/lib/amd64:/usr/lib64:/lib64:/lib:/usr/lib]
19-Jun-2019 11:30:20.122 INFO [main] org.apache.coyote.AbstractProtocol.init Initializing ProtocolHandler ["http-nio-8014"]
19-Jun-2019 11:30:20.187 INFO [main] org.apache.tomcat.util.net.NioSelectorPool.getSharedSelector Using a shared selector for servlet write/read
19-Jun-2019 11:30:20.191 INFO [main] org.apache.coyote.AbstractProtocol.init Initializing ProtocolHandler ["ajp-nio-8029"]
19-Jun-2019 11:30:20.192 INFO [main] org.apache.tomcat.util.net.NioSelectorPool.getSharedSelector Using a shared selector for servlet write/read
19-Jun-2019 11:30:20.196 INFO [main] org.apache.catalina.startup.Catalina.load Initialization processed in 1154 ms
19-Jun-2019 11:30:20.231 INFO [main] org.apache.catalina.core.StandardService.startInternal Starting service [Catalina]
19-Jun-2019 11:30:20.232 INFO [main] org.apache.catalina.core.StandardEngine.startInternal Starting Servlet Engine: Apache Tomcat/9.0.0.M20
19-Jun-2019 11:30:20.254 INFO [main] org.apache.catalina.startup.HostConfig.deployDirectory Deploying web application directory [/opt/solrServer/tomcatSolr/webapps/docs]
19-Jun-2019 11:30:20.788 INFO [main] org.apache.catalina.startup.HostConfig.deployDirectory Deployment of web application directory [/opt/solrServer/tomcatSolr/webapps/docs] has finished in [533] ms
19-Jun-2019 11:30:20.788 INFO [main] org.apache.catalina.startup.HostConfig.deployDirectory Deploying web application directory [/opt/solrServer/tomcatSolr/webapps/manager]
19-Jun-2019 11:30:20.847 INFO [main] org.apache.catalina.startup.HostConfig.deployDirectory Deployment of web application directory [/opt/solrServer/tomcatSolr/webapps/manager] has finished in [59] ms
19-Jun-2019 11:30:20.847 INFO [main] org.apache.catalina.startup.HostConfig.deployDirectory Deploying web application directory [/opt/solrServer/tomcatSolr/webapps/host-manager]
19-Jun-2019 11:30:20.895 INFO [main] org.apache.catalina.startup.HostConfig.deployDirectory Deployment of web application directory [/opt/solrServer/tomcatSolr/webapps/host-manager] has finished in [48] ms
19-Jun-2019 11:30:20.895 INFO [main] org.apache.catalina.startup.HostConfig.deployDirectory Deploying web application directory [/opt/solrServer/tomcatSolr/webapps/solr]
19-Jun-2019 11:30:26.693 INFO [main] org.apache.jasper.servlet.TldScanner.scanJars At least one JAR was scanned for TLDs yet contained no TLDs. Enable debug logging for this logger for a complete list of JARs that were scanned but no TLDs were found in them. Skipping unneeded JARs during scanning can improve startup time and JSP compilation time.
19-Jun-2019 11:30:29.403 INFO [main] org.apache.catalina.startup.HostConfig.deployDirectory Deployment of web application directory [/opt/solrServer/tomcatSolr/webapps/solr] has finished in [8,507] ms
19-Jun-2019 11:30:29.403 INFO [main] org.apache.catalina.startup.HostConfig.deployDirectory Deploying web application directory [/opt/solrServer/tomcatSolr/webapps/ROOT]
19-Jun-2019 11:30:29.421 INFO [main] org.apache.catalina.startup.HostConfig.deployDirectory Deployment of web application directory [/opt/solrServer/tomcatSolr/webapps/ROOT] has finished in [18] ms
19-Jun-2019 11:30:29.421 INFO [main] org.apache.catalina.startup.HostConfig.deployDirectory Deploying web application directory [/opt/solrServer/tomcatSolr/webapps/examples]
19-Jun-2019 11:30:29.888 INFO [main] org.apache.catalina.startup.HostConfig.deployDirectory Deployment of web application directory [/opt/solrServer/tomcatSolr/webapps/examples] has finished in [467] ms
19-Jun-2019 11:30:29.914 INFO [main] org.apache.coyote.AbstractProtocol.start Starting ProtocolHandler ["http-nio-8014"]
19-Jun-2019 11:30:30.042 INFO [main] org.apache.coyote.AbstractProtocol.start Starting ProtocolHandler ["ajp-nio-8029"]
19-Jun-2019 11:30:30.062 INFO [main] org.apache.catalina.startup.Catalina.start Server startup in 9866 ms
19-Jun-2019 11:40:27.819 INFO [Thread-6] org.apache.coyote.AbstractProtocol.pause Pausing ProtocolHandler ["http-nio-8014"]
19-Jun-2019 11:40:27.870 INFO [Thread-6] org.apache.coyote.AbstractProtocol.pause Pausing ProtocolHandler ["ajp-nio-8029"]
19-Jun-2019 11:40:27.921 INFO [Thread-6] org.apache.catalina.core.StandardService.stopInternal Stopping service [Catalina]
19-Jun-2019 11:40:28.033 WARNING [Thread-6] org.apache.catalina.loader.WebappClassLoaderBase.clearReferencesThreads The web application [solr] appears to have started a thread named [Abandoned connection cleanup thread] but has failed to stop it. This is very likely to create a memory leak. Stack trace of thread:
 java.lang.Object.wait(Native Method)
 java.lang.ref.ReferenceQueue.remove(ReferenceQueue.java:143)
 com.mysql.jdbc.AbandonedConnectionCleanupThread.run(AbandonedConnectionCleanupThread.java:43)
19-Jun-2019 11:40:28.043 INFO [Thread-6] org.apache.coyote.AbstractProtocol.stop Stopping ProtocolHandler ["http-nio-8014"]
19-Jun-2019 11:40:28.049 INFO [Thread-6] org.apache.coyote.AbstractProtocol.stop Stopping ProtocolHandler ["ajp-nio-8029"]
19-Jun-2019 11:40:28.056 INFO [Thread-6] org.apache.coyote.AbstractProtocol.destroy Destroying ProtocolHandler ["http-nio-8014"]
19-Jun-2019 11:40:28.058 INFO [Thread-6] org.apache.coyote.AbstractProtocol.destroy Destroying ProtocolHandler ["ajp-nio-8029"]
19-Jun-2019 11:40:32.854 INFO [main] org.apache.catalina.startup.VersionLoggerListener.log Server version:        Apache Tomcat/9.0.0.M20
19-Jun-2019 11:40:32.855 INFO [main] org.apache.catalina.startup.VersionLoggerListener.log Server built:          Apr 12 2017 19:27:10 UTC
19-Jun-2019 11:40:32.855 INFO [main] org.apache.catalina.startup.VersionLoggerListener.log Server number:         9.0.0.0
19-Jun-2019 11:40:32.856 INFO [main] org.apache.catalina.startup.VersionLoggerListener.log OS Name:               Linux
19-Jun-2019 11:40:32.856 INFO [main] org.apache.catalina.startup.VersionLoggerListener.log OS Version:            3.10.0-514.26.2.el7.x86_64
19-Jun-2019 11:40:32.856 INFO [main] org.apache.catalina.startup.VersionLoggerListener.log Architecture:          amd64
19-Jun-2019 11:40:32.856 INFO [main] org.apache.catalina.startup.VersionLoggerListener.log Java Home:             /usr/local/java/jre
19-Jun-2019 11:40:32.856 INFO [main] org.apache.catalina.startup.VersionLoggerListener.log JVM Version:           1.8.0_111-b14
19-Jun-2019 11:40:32.856 INFO [main] org.apache.catalina.startup.VersionLoggerListener.log JVM Vendor:            Oracle Corporation
19-Jun-2019 11:40:32.856 INFO [main] org.apache.catalina.startup.VersionLoggerListener.log CATALINA_BASE:         /opt/solrServer/tomcatSolr
19-Jun-2019 11:40:32.856 INFO [main] org.apache.catalina.startup.VersionLoggerListener.log CATALINA_HOME:         /opt/solrServer/tomcatSolr
19-Jun-2019 11:40:32.856 INFO [main] org.apache.catalina.startup.VersionLoggerListener.log Command line argument: -Djava.util.logging.config.file=/opt/solrServer/tomcatSolr/conf/logging.properties
19-Jun-2019 11:40:32.857 INFO [main] org.apache.catalina.startup.VersionLoggerListener.log Command line argument: -Djava.util.logging.manager=org.apache.juli.ClassLoaderLogManager
19-Jun-2019 11:40:32.857 INFO [main] org.apache.catalina.startup.VersionLoggerListener.log Command line argument: -Djdk.tls.ephemeralDHKeySize=2048
19-Jun-2019 11:40:32.857 INFO [main] org.apache.catalina.startup.VersionLoggerListener.log Command line argument: -Djava.protocol.handler.pkgs=org.apache.catalina.webresources
19-Jun-2019 11:40:32.857 INFO [main] org.apache.catalina.startup.VersionLoggerListener.log Command line argument: -Dcatalina.base=/opt/solrServer/tomcatSolr
19-Jun-2019 11:40:32.857 INFO [main] org.apache.catalina.startup.VersionLoggerListener.log Command line argument: -Dcatalina.home=/opt/solrServer/tomcatSolr
19-Jun-2019 11:40:32.857 INFO [main] org.apache.catalina.startup.VersionLoggerListener.log Command line argument: -Djava.io.tmpdir=/opt/solrServer/tomcatSolr/temp
19-Jun-2019 11:40:32.857 INFO [main] org.apache.catalina.core.AprLifecycleListener.lifecycleEvent The APR based Apache Tomcat Native library which allows optimal performance in production environments was not found on the java.library.path: [/usr/java/packages/lib/amd64:/usr/lib64:/lib64:/lib:/usr/lib]
19-Jun-2019 11:40:33.183 INFO [main] org.apache.coyote.AbstractProtocol.init Initializing ProtocolHandler ["http-nio-8014"]
19-Jun-2019 11:40:33.197 INFO [main] org.apache.tomcat.util.net.NioSelectorPool.getSharedSelector Using a shared selector for servlet write/read
19-Jun-2019 11:40:33.229 INFO [main] org.apache.coyote.AbstractProtocol.init Initializing ProtocolHandler ["ajp-nio-8029"]
19-Jun-2019 11:40:33.231 INFO [main] org.apache.tomcat.util.net.NioSelectorPool.getSharedSelector Using a shared selector for servlet write/read
19-Jun-2019 11:40:33.238 INFO [main] org.apache.catalina.startup.Catalina.load Initialization processed in 1213 ms
19-Jun-2019 11:40:33.268 INFO [main] org.apache.catalina.core.StandardService.startInternal Starting service [Catalina]
19-Jun-2019 11:40:33.268 INFO [main] org.apache.catalina.core.StandardEngine.startInternal Starting Servlet Engine: Apache Tomcat/9.0.0.M20
19-Jun-2019 11:40:33.274 INFO [main] org.apache.catalina.startup.HostConfig.deployDirectory Deploying web application directory [/opt/solrServer/tomcatSolr/webapps/docs]
19-Jun-2019 11:40:33.877 INFO [main] org.apache.catalina.startup.HostConfig.deployDirectory Deployment of web application directory [/opt/solrServer/tomcatSolr/webapps/docs] has finished in [603] ms
19-Jun-2019 11:40:33.916 INFO [main] org.apache.catalina.startup.HostConfig.deployDirectory Deploying web application directory [/opt/solrServer/tomcatSolr/webapps/manager]
19-Jun-2019 11:40:33.954 INFO [main] org.apache.catalina.startup.HostConfig.deployDirectory Deployment of web application directory [/opt/solrServer/tomcatSolr/webapps/manager] has finished in [38] ms
19-Jun-2019 11:40:33.955 INFO [main] org.apache.catalina.startup.HostConfig.deployDirectory Deploying web application directory [/opt/solrServer/tomcatSolr/webapps/host-manager]
19-Jun-2019 11:40:34.023 INFO [main] org.apache.catalina.startup.HostConfig.deployDirectory Deployment of web application directory [/opt/solrServer/tomcatSolr/webapps/host-manager] has finished in [68] ms
19-Jun-2019 11:40:34.024 INFO [main] org.apache.catalina.startup.HostConfig.deployDirectory Deploying web application directory [/opt/solrServer/tomcatSolr/webapps/solr]
19-Jun-2019 11:40:39.889 INFO [main] org.apache.jasper.servlet.TldScanner.scanJars At least one JAR was scanned for TLDs yet contained no TLDs. Enable debug logging for this logger for a complete list of JARs that were scanned but no TLDs were found in them. Skipping unneeded JARs during scanning can improve startup time and JSP compilation time.
19-Jun-2019 11:40:43.136 INFO [main] org.apache.catalina.startup.HostConfig.deployDirectory Deployment of web application directory [/opt/solrServer/tomcatSolr/webapps/solr] has finished in [9,085] ms
19-Jun-2019 11:40:43.136 INFO [main] org.apache.catalina.startup.HostConfig.deployDirectory Deploying web application directory [/opt/solrServer/tomcatSolr/webapps/ROOT]
19-Jun-2019 11:40:43.181 INFO [main] org.apache.catalina.startup.HostConfig.deployDirectory Deployment of web application directory [/opt/solrServer/tomcatSolr/webapps/ROOT] has finished in [44] ms
19-Jun-2019 11:40:43.181 INFO [main] org.apache.catalina.startup.HostConfig.deployDirectory Deploying web application directory [/opt/solrServer/tomcatSolr/webapps/examples]
19-Jun-2019 11:40:43.622 INFO [main] org.apache.catalina.startup.HostConfig.deployDirectory Deployment of web application directory [/opt/solrServer/tomcatSolr/webapps/examples] has finished in [441] ms
19-Jun-2019 11:40:43.642 INFO [main] org.apache.coyote.AbstractProtocol.start Starting ProtocolHandler ["http-nio-8014"]
19-Jun-2019 11:40:43.703 INFO [main] org.apache.coyote.AbstractProtocol.start Starting ProtocolHandler ["ajp-nio-8029"]
19-Jun-2019 11:40:43.777 INFO [main] org.apache.catalina.startup.Catalina.start Server startup in 10539 ms
19-Jun-2019 11:42:53.369 INFO [Thread-6] org.apache.coyote.AbstractProtocol.pause Pausing ProtocolHandler ["http-nio-8014"]
19-Jun-2019 11:42:53.421 INFO [Thread-6] org.apache.coyote.AbstractProtocol.pause Pausing ProtocolHandler ["ajp-nio-8029"]
19-Jun-2019 11:42:53.471 INFO [Thread-6] org.apache.catalina.core.StandardService.stopInternal Stopping service [Catalina]
19-Jun-2019 11:42:53.594 WARNING [Thread-6] org.apache.catalina.loader.WebappClassLoaderBase.clearReferencesThreads The web application [solr] appears to have started a thread named [Abandoned connection cleanup thread] but has failed to stop it. This is very likely to create a memory leak. Stack trace of thread:
 java.lang.Object.wait(Native Method)
 java.lang.ref.ReferenceQueue.remove(ReferenceQueue.java:143)
 com.mysql.jdbc.AbandonedConnectionCleanupThread.run(AbandonedConnectionCleanupThread.java:43)
19-Jun-2019 11:42:53.607 INFO [Thread-6] org.apache.coyote.AbstractProtocol.stop Stopping ProtocolHandler ["http-nio-8014"]
19-Jun-2019 11:42:53.610 INFO [Thread-6] org.apache.coyote.AbstractProtocol.stop Stopping ProtocolHandler ["ajp-nio-8029"]
19-Jun-2019 11:42:53.612 INFO [Thread-6] org.apache.coyote.AbstractProtocol.destroy Destroying ProtocolHandler ["http-nio-8014"]
19-Jun-2019 11:42:53.613 INFO [Thread-6] org.apache.coyote.AbstractProtocol.destroy Destroying ProtocolHandler ["ajp-nio-8029"]
19-Jun-2019 11:43:00.295 INFO [main] org.apache.catalina.startup.VersionLoggerListener.log Server version:        Apache Tomcat/9.0.0.M20
19-Jun-2019 11:43:00.297 INFO [main] org.apache.catalina.startup.VersionLoggerListener.log Server built:          Apr 12 2017 19:27:10 UTC
19-Jun-2019 11:43:00.297 INFO [main] org.apache.catalina.startup.VersionLoggerListener.log Server number:         9.0.0.0
19-Jun-2019 11:43:00.297 INFO [main] org.apache.catalina.startup.VersionLoggerListener.log OS Name:               Linux
19-Jun-2019 11:43:00.297 INFO [main] org.apache.catalina.startup.VersionLoggerListener.log OS Version:            3.10.0-514.26.2.el7.x86_64
19-Jun-2019 11:43:00.297 INFO [main] org.apache.catalina.startup.VersionLoggerListener.log Architecture:          amd64
19-Jun-2019 11:43:00.297 INFO [main] org.apache.catalina.startup.VersionLoggerListener.log Java Home:             /usr/local/java/jre
19-Jun-2019 11:43:00.297 INFO [main] org.apache.catalina.startup.VersionLoggerListener.log JVM Version:           1.8.0_111-b14
19-Jun-2019 11:43:00.297 INFO [main] org.apache.catalina.startup.VersionLoggerListener.log JVM Vendor:            Oracle Corporation
19-Jun-2019 11:43:00.298 INFO [main] org.apache.catalina.startup.VersionLoggerListener.log CATALINA_BASE:         /opt/solrServer/tomcatSolr
19-Jun-2019 11:43:00.298 INFO [main] org.apache.catalina.startup.VersionLoggerListener.log CATALINA_HOME:         /opt/solrServer/tomcatSolr
19-Jun-2019 11:43:00.298 INFO [main] org.apache.catalina.startup.VersionLoggerListener.log Command line argument: -Djava.util.logging.config.file=/opt/solrServer/tomcatSolr/conf/logging.properties
19-Jun-2019 11:43:00.298 INFO [main] org.apache.catalina.startup.VersionLoggerListener.log Command line argument: -Djava.util.logging.manager=org.apache.juli.ClassLoaderLogManager
19-Jun-2019 11:43:00.298 INFO [main] org.apache.catalina.startup.VersionLoggerListener.log Command line argument: -Djdk.tls.ephemeralDHKeySize=2048
19-Jun-2019 11:43:00.298 INFO [main] org.apache.catalina.startup.VersionLoggerListener.log Command line argument: -Djava.protocol.handler.pkgs=org.apache.catalina.webresources
19-Jun-2019 11:43:00.298 INFO [main] org.apache.catalina.startup.VersionLoggerListener.log Command line argument: -Dcatalina.base=/opt/solrServer/tomcatSolr
19-Jun-2019 11:43:00.298 INFO [main] org.apache.catalina.startup.VersionLoggerListener.log Command line argument: -Dcatalina.home=/opt/solrServer/tomcatSolr
19-Jun-2019 11:43:00.298 INFO [main] org.apache.catalina.startup.VersionLoggerListener.log Command line argument: -Djava.io.tmpdir=/opt/solrServer/tomcatSolr/temp
19-Jun-2019 11:43:00.299 INFO [main] org.apache.catalina.core.AprLifecycleListener.lifecycleEvent The APR based Apache Tomcat Native library which allows optimal performance in production environments was not found on the java.library.path: [/usr/java/packages/lib/amd64:/usr/lib64:/lib64:/lib:/usr/lib]
19-Jun-2019 11:43:00.629 INFO [main] org.apache.coyote.AbstractProtocol.init Initializing ProtocolHandler ["http-nio-8014"]
19-Jun-2019 11:43:00.663 INFO [main] org.apache.tomcat.util.net.NioSelectorPool.getSharedSelector Using a shared selector for servlet write/read
19-Jun-2019 11:43:00.681 INFO [main] org.apache.coyote.AbstractProtocol.init Initializing ProtocolHandler ["ajp-nio-8029"]
19-Jun-2019 11:43:00.682 INFO [main] org.apache.tomcat.util.net.NioSelectorPool.getSharedSelector Using a shared selector for servlet write/read
19-Jun-2019 11:43:00.726 INFO [main] org.apache.catalina.startup.Catalina.load Initialization processed in 1329 ms
19-Jun-2019 11:43:00.798 INFO [main] org.apache.catalina.core.StandardService.startInternal Starting service [Catalina]
19-Jun-2019 11:43:00.798 INFO [main] org.apache.catalina.core.StandardEngine.startInternal Starting Servlet Engine: Apache Tomcat/9.0.0.M20
19-Jun-2019 11:43:00.832 INFO [main] org.apache.catalina.startup.HostConfig.deployDirectory Deploying web application directory [/opt/solrServer/tomcatSolr/webapps/docs]
19-Jun-2019 11:43:01.538 INFO [main] org.apache.catalina.startup.HostConfig.deployDirectory Deployment of web application directory [/opt/solrServer/tomcatSolr/webapps/docs] has finished in [705] ms
19-Jun-2019 11:43:01.538 INFO [main] org.apache.catalina.startup.HostConfig.deployDirectory Deploying web application directory [/opt/solrServer/tomcatSolr/webapps/manager]
19-Jun-2019 11:43:01.612 INFO [main] org.apache.catalina.startup.HostConfig.deployDirectory Deployment of web application directory [/opt/solrServer/tomcatSolr/webapps/manager] has finished in [74] ms
19-Jun-2019 11:43:01.612 INFO [main] org.apache.catalina.startup.HostConfig.deployDirectory Deploying web application directory [/opt/solrServer/tomcatSolr/webapps/host-manager]
19-Jun-2019 11:43:01.647 INFO [main] org.apache.catalina.startup.HostConfig.deployDirectory Deployment of web application directory [/opt/solrServer/tomcatSolr/webapps/host-manager] has finished in [35] ms
19-Jun-2019 11:43:01.647 INFO [main] org.apache.catalina.startup.HostConfig.deployDirectory Deploying web application directory [/opt/solrServer/tomcatSolr/webapps/solr]
19-Jun-2019 11:43:07.718 INFO [main] org.apache.jasper.servlet.TldScanner.scanJars At least one JAR was scanned for TLDs yet contained no TLDs. Enable debug logging for this logger for a complete list of JARs that were scanned but no TLDs were found in them. Skipping unneeded JARs during scanning can improve startup time and JSP compilation time.
19-Jun-2019 11:43:11.317 INFO [main] org.apache.catalina.startup.HostConfig.deployDirectory Deployment of web application directory [/opt/solrServer/tomcatSolr/webapps/solr] has finished in [9,670] ms
19-Jun-2019 11:43:11.317 INFO [main] org.apache.catalina.startup.HostConfig.deployDirectory Deploying web application directory [/opt/solrServer/tomcatSolr/webapps/ROOT]
19-Jun-2019 11:43:11.365 INFO [main] org.apache.catalina.startup.HostConfig.deployDirectory Deployment of web application directory [/opt/solrServer/tomcatSolr/webapps/ROOT] has finished in [48] ms
19-Jun-2019 11:43:11.365 INFO [main] org.apache.catalina.startup.HostConfig.deployDirectory Deploying web application directory [/opt/solrServer/tomcatSolr/webapps/examples]
19-Jun-2019 11:43:11.865 INFO [main] org.apache.catalina.startup.HostConfig.deployDirectory Deployment of web application directory [/opt/solrServer/tomcatSolr/webapps/examples] has finished in [499] ms
19-Jun-2019 11:43:11.867 INFO [main] org.apache.coyote.AbstractProtocol.start Starting ProtocolHandler ["http-nio-8014"]
19-Jun-2019 11:43:11.993 INFO [main] org.apache.coyote.AbstractProtocol.start Starting ProtocolHandler ["ajp-nio-8029"]
19-Jun-2019 11:43:11.995 INFO [main] org.apache.catalina.startup.Catalina.start Server startup in 11269 ms
